1566458768057	mozrunner::runner	INFO	Running command: "C:\\Program Files\\Mozilla Firefox\\firefox.exe" "-marionette" "-foreground" "-no-remote" "-profile" "C:\\Users\\10415\\AppData\\Local\\Temp\\rust_mozprofile.OIW6uj0jmdXw"
1566458771332	Marionette	INFO	Listening on port 8596
1566458771389	Marionette	WARN	TLS certificate errors will be ignored for this session
1566458771543	addons.xpi	WARN	Failed to parse recommendation: TypeError: NetworkError when attempting to fetch resource.(resource://gre/modules/addons/XPIProvider.jsm:200:15) JS Stack trace: awaitPromise@XPIProvider.jsm:200:15
syncLoadManifest@XPIInstall.jsm:685:22
updateMetadata@XPIDatabase.jsm:2537:32
updateExistingAddon@XPIDatabase.jsm:2713:23
processFileChanges@XPIDatabase.jsm:2789:31
getNewSideloads@XPIProvider.jsm:2762:28
1566458771639	addons.xpi	WARN	Failed to parse recommendation: TypeError: NetworkError when attempting to fetch resource.(resource://gre/modules/addons/XPIProvider.jsm:200:15) JS Stack trace: awaitPromise@XPIProvider.jsm:200:15
syncLoadManifest@XPIInstall.jsm:685:22
updateMetadata@XPIDatabase.jsm:2537:32
updateExistingAddon@XPIDatabase.jsm:2713:23
processFileChanges@XPIDatabase.jsm:2789:31
getNewSideloads@XPIProvider.jsm:2762:28
1566458771686	addons.xpi	WARN	Failed to parse recommendation: TypeError: NetworkError when attempting to fetch resource.(resource://gre/modules/addons/XPIProvider.jsm:200:15) JS Stack trace: awaitPromise@XPIProvider.jsm:200:15
syncLoadManifest@XPIInstall.jsm:685:22
updateMetadata@XPIDatabase.jsm:2537:32
updateExistingAddon@XPIDatabase.jsm:2713:23
processFileChanges@XPIDatabase.jsm:2789:31
getNewSideloads@XPIProvider.jsm:2762:28
1566458771696	Marionette	INFO	Stopped listening on port 8596
JavaScript error: resource://gre/modules/ExtensionCommon.jsm, line 1762: TypeError: data is null
[Parent 157392, Gecko_IOThread] WARNING: pipe error: 109: file z:/task_1565706750/build/src/ipc/chromium/src/chrome/common/ipc_channel_win.cc, line 341
[Child 158692, Chrome_ChildThread] WARNING: pipe error: 109: file z:/task_1565706750/build/src/ipc/chromium/src/chrome/common/ipc_channel_win.cc, line 341
[Child 1586921566458772052	addons.xpi	WARN	Failed to parse recommendation: TypeError: NetworkError when attempting to fetch resource.(resource://gre/modules/addons/XPIProvider.jsm:200:15) JS Stack trace: awaitPromise@XPIProvider.jsm:200:15
syncLoadManifest@XPIInstall.jsm:685:22
updateMetadata@XPIDatabase.jsm:2537:32
updateExistingAddon@XPIDatabase.jsm:2713:23
processFileChanges@XPIDatabase.jsm:2789:31
getNewSideloads@XPIProvider.jsm:2762:28
1566458772055	addons.xpi-utils	WARN	Error: XPI database modified after shutdown began(resource://gre/modules/addons/XPIDatabase.jsm:1326:17) JS Stack trace: saveChanges@XPIDatabase.jsm:1326:17
removeAddonMetadata@XPIDatabase.jsm:2036:10
updateAddonMetadata@XPIDatabase.jsm:2017:10
updateMetadata@XPIDatabase.jsm:2564:24
updateExistingAddon@XPIDatabase.jsm:2713:23
processFileChanges@XPIDatabase.jsm:2789:31
getNewSideloads@XPIProvider.jsm:2762:28
1566458772056	addons.xpi-utils	WARN	Error: XPI database modified after shutdown began(resource://gre/modules/addons/XPIDatabase.jsm:1326:17) JS Stack trace: saveChanges@XPIDatabase.jsm:1326:17
addToDatabase@XPIDatabase.jsm:1999:10
updateAddonMetadata@XPIDatabase.jsm:2025:17
updateMetadata@XPIDatabase.jsm:2564:24
updateExistingAddon@XPIDatabase.jsm:2713:23
processFileChanges@XPIDatabase.jsm:2789:31
getNewSideloads@XPIProvider.jsm:2762:28
1566458772085	addons.xpi	WARN	Failed to parse recommendation: TypeError: NetworkError when attempting to fetch resource.(resource://gre/modules/addons/XPIProvider.jsm:200:15) JS Stack trace: awaitPromise@XPIProvider.jsm:200:15
syncLoadManifest@XPIInstall.jsm:685:22
updateMetadata@XPIDatabase.jsm:2537:32
updateExistingAddon@XPIDatabase.jsm:2713:23
processFileChanges@XPIDatabase.jsm:2789:31
getNewSideloads@XPIProvider.jsm:2762:28
1566458772089	addons.xpi-utils	WARN	Error: XPI database modified after shutdown began(resource://gre/modules/addons/XPIDatabase.jsm:1326:17) JS Stack trace: saveChanges@XPIDatabase.jsm:1326:17
removeAddonMetadata@XPIDatabase.jsm:2036:10
updateAddonMetadata@XPIDatabase.jsm:2017:10
updateMetadata@XPIDatabase.jsm:2564:24
updateExistingAddon@XPIDatabase.jsm:2713:23
processFileChanges@XPIDatabase.jsm:2789:31
getNewSideloads@XPIProvider.jsm:2762:28
1566458772090	addons.xpi-utils	WARN	Error: XPI database modified after shutdown began(resource://gre/modules/addons/XPIDatabase.jsm:1326:17) JS Stack trace: saveChanges@XPIDatabase.jsm:1326:17
addToDatabase@XPIDatabase.jsm:1999:10
updateAddonMetadata@XPIDatabase.jsm:2025:17
updateMetadata@XPIDatabase.jsm:2564:24
updateExistingAddon@XPIDatabase.jsm:2713:23
processFileChanges@XPIDatabase.jsm:2789:31
getNewSideloads@XPIProvider.jsm:2762:28
1566458772134	addons.xpi	WARN	Failed to parse recommendation: TypeError: NetworkError when attempting to fetch resource.(resource://gre/modules/addons/XPIProvider.jsm:200:15) JS Stack trace: awaitPromise@XPIProvider.jsm:200:15
syncLoadManifest@XPIInstall.jsm:685:22
updateMetadata@XPIDatabase.jsm:2537:32
updateExistingAddon@XPIDatabase.jsm:2713:23
processFileChanges@XPIDatabase.jsm:2789:31
getNewSideloads@XPIProvider.jsm:2762:28
1566458772138	addons.xpi-utils	WARN	Error: XPI database modified after shutdown began(resource://gre/modules/addons/XPIDatabase.jsm:1326:17) JS Stack trace: saveChanges@XPIDatabase.jsm:1326:17
removeAddonMetadata@XPIDatabase.jsm:2036:10
updateAddonMetadata@XPIDatabase.jsm:2017:10
updateMetadata@XPIDatabase.jsm:2564:24
updateExistingAddon@XPIDatabase.jsm:2713:23
processFileChanges@XPIDatabase.jsm:2789:31
getNewSideloads@XPIProvider.jsm:2762:28
1566458772138	addons.xpi-utils	WARN	Error: XPI database modified after shutdown began(resource://gre/modules/addons/XPIDatabase.jsm:1326:17) JS Stack trace: saveChanges@XPIDatabase.jsm:1326:17
addToDatabase@XPIDatabase.jsm:1999:10
updateAddonMetadata@XPIDatabase.jsm:2025:17
updateMetadata@XPIDatabase.jsm:2564:24
updateExistingAddon@XPIDatabase.jsm:2713:23
processFileChanges@XPIDatabase.jsm:2789:31
getNewSideloads@XPIProvider.jsm:2762:28
1566458772159	addons.xpi-utils	WARN	Error: XPI database modified after shutdown began(resource://gre/modules/addons/XPIDatabase.jsm:1326:17) JS Stack trace: saveChanges@XPIDatabase.jsm:1326:17
removeAddonMetadata@XPIDatabase.jsm:2036:10
updateAddonMetadata@XPIDatabase.jsm:2017:10
updateMetadata@XPIDatabase.jsm:2564:24
updateExistingAddon@XPIDatabase.jsm:2713:23
processFileChanges@XPIDatabase.jsm:2789:31
getNewSideloads@XPIProvider.jsm:2762:28
1566458772159	addons.xpi-utils	WARN	Error: XPI database modified after shutdown began(resource://gre/modules/addons/XPIDatabase.jsm:1326:17) JS Stack trace: saveChanges@XPIDatabase.jsm:1326:17
addToDatabase@XPIDatabase.jsm:1999:10
updateAddonMetadata@XPIDatabase.jsm:2025:17
updateMetadata@XPIDatabase.jsm:2564:24
updateExistingAddon@XPIDatabase.jsm:2713:23
processFileChanges@XPIDatabase.jsm:2789:31
getNewSideloads@XPIProvider.jsm:2762:28
1566458772164	addons.xpi-utils	WARN	Error: XPI database modified after shutdown began(resource://gre/modules/addons/XPIDatabase.jsm:1326:17) JS Stack trace: saveChanges@XPIDatabase.jsm:1326:17
makeAddonVisible@XPIDatabase.jsm:2067:10
applyStartupChange@XPIDatabase.jsm:2981:17
processFileChanges@XPIDatabase.jsm:2856:26
getNewSideloads@XPIProvider.jsm:2762:28
1566458772166	addons.xpi-utils	WARN	Error: XPI database modified after shutdown began(resource://gre/modules/addons/XPIDatabase.jsm:1326:17) JS Stack trace: saveChanges@XPIDatabase.jsm:1326:17
makeAddonVisible@XPIDatabase.jsm:2067:10
applyStartupChange@XPIDatabase.jsm:2981:17
processFileChanges@XPIDatabase.jsm:2856:26
getNewSideloads@XPIProvider.jsm:2762:28
1566458772169	addons.xpi-utils	WARN	Error: XPI database modified after shutdown began(resource://gre/modules/addons/XPIDatabase.jsm:1326:17) JS Stack trace: saveChanges@XPIDatabase.jsm:1326:17
makeAddonVisible@XPIDatabase.jsm:2067:10
applyStartupChange@XPIDatabase.jsm:2981:17
processFileChanges@XPIDatabase.jsm:2856:26
getNewSideloads@XPIProvider.jsm:2762:28
1566458772171	addons.xpi-utils	WARN	Error: XPI database modified after shutdown began(resource://gre/modules/addons/XPIDatabase.jsm:1326:17) JS Stack trace: saveChanges@XPIDatabase.jsm:1326:17
makeAddonVisible@XPIDatabase.jsm:2067:10
applyStartupChange@XPIDatabase.jsm:2981:17
processFileChanges@XPIDatabase.jsm:2856:26
getNewSideloads@XPIProvider.jsm:2762:28
1566458772173	addons.xpi-utils	WARN	Error: XPI database modified after shutdown began(resource://gre/modules/addons/XPIDatabase.jsm:1326:17) JS Stack trace: saveChanges@XPIDatabase.jsm:1326:17
makeAddonVisible@XPIDatabase.jsm:2067:10
applyStartupChange@XPIDatabase.jsm:2981:17
processFileChanges@XPIDatabase.jsm:2856:26
getNewSideloads@XPIProvider.jsm:2762:28
1566458772174	addons.xpi-utils	WARN	Error: XPI database modified after shutdown began(resource://gre/modules/addons/XPIDatabase.jsm:1326:17) JS Stack trace: saveChanges@XPIDatabase.jsm:1326:17
makeAddonVisible@XPIDatabase.jsm:2067:10
applyStartupChange@XPIDatabase.jsm:2981:17
processFileChanges@XPIDatabase.jsm:2856:26
getNewSideloads@XPIProvider.jsm:2762:28
1566458772176	addons.xpi-utils	WARN	Error: XPI database modified after shutdown began(resource://gre/modules/addons/XPIDatabase.jsm:1326:17) JS Stack trace: saveChanges@XPIDatabase.jsm:1326:17
makeAddonVisible@XPIDatabase.jsm:2067:10
applyStartupChange@XPIDatabase.jsm:2981:17
processFileChanges@XPIDatabase.jsm:2856:26
getNewSideloads@XPIProvider.jsm:2762:28
1566458772176	addons.xpi-utils	WARN	Error: XPI database modified after shutdown began(resource://gre/modules/addons/XPIDatabase.jsm:1326:17) JS Stack trace: saveChanges@XPIDatabase.jsm:1326:17
makeAddonVisible@XPIDatabase.jsm:2067:10
applyStartupChange@XPIDatabase.jsm:2981:17
processFileChanges@XPIDatabase.jsm:2856:26
getNewSideloads@XPIProvider.jsm:2762:28
1566458772177	addons.xpi-utils	WARN	Error: XPI database modified after shutdown began(resource://gre/modules/addons/XPIDatabase.jsm:1326:17) JS Stack trace: saveChanges@XPIDatabase.jsm:1326:17
makeAddonVisible@XPIDatabase.jsm:2067:10
applyStartupChange@XPIDatabase.jsm:2981:17
processFileChanges@XPIDatabase.jsm:2856:26
getNewSideloads@XPIProvider.jsm:2762:28
1566458772178	addons.xpi-utils	WARN	Error: XPI database modified after shutdown began(resource://gre/modules/addons/XPIDatabase.jsm:1326:17) JS Stack trace: saveChanges@XPIDatabase.jsm:1326:17
makeAddonVisible@XPIDatabase.jsm:2067:10
applyStartupChange@XPIDatabase.jsm:2981:17
processFileChanges@XPIDatabase.jsm:2856:26
getNewSideloads@XPIProvider.jsm:2762:28
1566458772179	addons.xpi-utils	WARN	Error: XPI database modified after shutdown began(resource://gre/modules/addons/XPIDatabase.jsm:1326:17) JS Stack trace: saveChanges@XPIDatabase.jsm:1326:17
makeAddonVisible@XPIDatabase.jsm:2067:10
applyStartupChange@XPIDatabase.jsm:2981:17
processFileChanges@XPIDatabase.jsm:2856:26
getNewSideloads@XPIProvider.jsm:2762:28
1566458772179	addons.xpi-utils	WARN	Error: XPI database modified after shutdown began(resource://gre/modules/addons/XPIDatabase.jsm:1326:17) JS Stack trace: saveChanges@XPIDatabase.jsm:1326:17
makeAddonVisible@XPIDatabase.jsm:2067:10
applyStartupChange@XPIDatabase.jsm:2981:17
processFileChanges@XPIDatabase.jsm:2856:26
getNewSideloads@XPIProvider.jsm:2762:28
1566458772179	addons.xpi-utils	WARN	Error: XPI database modified after shutdown began(resource://gre/modules/addons/XPIDatabase.jsm:1326:17) JS Stack trace: saveChanges@XPIDatabase.jsm:1326:17
makeAddonVisible@XPIDatabase.jsm:2067:10
applyStartupChange@XPIDatabase.jsm:2981:17
processFileChanges@XPIDatabase.jsm:2856:26
getNewSideloads@XPIProvider.jsm:2762:28
1566458772180	addons.xpi-utils	WARN	Error: XPI database modified after shutdown began(resource://gre/modules/addons/XPIDatabase.jsm:1326:17) JS Stack trace: saveChanges@XPIDatabase.jsm:1326:17
makeAddonVisible@XPIDatabase.jsm:2067:10
applyStartupChange@XPIDatabase.jsm:2981:17
processFileChanges@XPIDatabase.jsm:2856:26
getNewSideloads@XPIProvider.jsm:2762:28
1566458772180	addons.xpi-utils	WARN	Error: XPI database modified after shutdown began(resource://gre/modules/addons/XPIDatabase.jsm:1326:17) JS Stack trace: saveChanges@XPIDatabase.jsm:1326:17
makeAddonVisible@XPIDatabase.jsm:2067:10
applyStartupChange@XPIDatabase.jsm:2981:17
processFileChanges@XPIDatabase.jsm:2856:26
getNewSideloads@XPIProvider.jsm:2762:28
1566458772181	addons.xpi-utils	WARN	Error: XPI database modified after shutdown began(resource://gre/modules/addons/XPIDatabase.jsm:1326:17) JS Stack trace: saveChanges@XPIDatabase.jsm:1326:17
makeAddonVisible@XPIDatabase.jsm:2067:10
applyStartupChange@XPIDatabase.jsm:2981:17
processFileChanges@XPIDatabase.jsm:2856:26
getNewSideloads@XPIProvider.jsm:2762:28
1566458772181	addons.xpi-utils	WARN	Error: XPI database modified after shutdown began(resource://gre/modules/addons/XPIDatabase.jsm:1326:17) JS Stack trace: saveChanges@XPIDatabase.jsm:1326:17
makeAddonVisible@XPIDatabase.jsm:2067:10
applyStartupChange@XPIDatabase.jsm:2981:17
processFileChanges@XPIDatabase.jsm:2856:26
getNewSideloads@XPIProvider.jsm:2762:28
1566458772182	addons.xpi-utils	WARN	Error: XPI database modified after shutdown began(resource://gre/modules/addons/XPIDatabase.jsm:1326:17) JS Stack trace: saveChanges@XPIDatabase.jsm:1326:17
makeAddonVisible@XPIDatabase.jsm:2067:10
applyStartupChange@XPIDatabase.jsm:2981:17
processFileChanges@XPIDatabase.jsm:2856:26
getNewSideloads@XPIProvider.jsm:2762:28
1566458772182	addons.xpi-utils	WARN	Error: XPI database modified after shutdown began(resource://gre/modules/addons/XPIDatabase.jsm:1326:17) JS Stack trace: saveChanges@XPIDatabase.jsm:1326:17
makeAddonVisible@XPIDatabase.jsm:2067:10
applyStartupChange@XPIDatabase.jsm:2981:17
processFileChanges@XPIDatabase.jsm:2856:26
getNewSideloads@XPIProvider.jsm:2762:28
1566458772183	addons.xpi-utils	WARN	Error: XPI database modified after shutdown began(resource://gre/modules/addons/XPIDatabase.jsm:1326:17) JS Stack trace: saveChanges@XPIDatabase.jsm:1326:17
makeAddonVisible@XPIDatabase.jsm:2067:10
applyStartupChange@XPIDatabase.jsm:2981:17
processFileChanges@XPIDatabase.jsm:2856:26
getNewSideloads@XPIProvider.jsm:2762:28
1566458772270	addons.xpi-utils	WARN	Error: XPI database modified after shutdown began(resource://gre/modules/addons/XPIDatabase.jsm:1326:17) JS Stack trace: saveChanges@XPIDatabase.jsm:1326:17
processFileChanges@XPIDatabase.jsm:2888:17
getNewSideloads@XPIProvider.jsm:2762:28
[Parent 157392, Gecko_IOThread] WARNING: pipe error: 109: file z:/task_1565706750/build/src/ipc/chromium/src/chrome/common/ipc_channel_win.cc, line 341
[Child 148012, Chrome_ChildThread] WARNING:
###!!! [Parent][MessageChannel] Error: (msgtype=0x1E00A0,name=PBrowser::Msg_UpdateNativeWindowHandle) Closed channel: cannot send/recv

 pipe error: 109: file z:/task_1565706750/build/src/ipc/chromium/src/chrome/common/ipc_channel_win.cc, line 341

###!!! [Parent][MessageChannel] Error: (msgtype=0x1E008F,name=PBrowser::Msg_Destroy) Closed channel: cannot send/recv

[Child 148012, Chrome_ChildThread] WARNING: pipe error: 109: file z:/task_1565706750/build/src/ipc
###!!! [Child][MessageChannel] Error: (msgtype=0x35011D,name=PContent::Msg_DetachBrowsingContext) Closed channel: cannot send/recv

/chromium/src/chrome/common/ipc_channel_win.cc, line 341
[Child 158300, Chrome_ChildThread] WARNING: pipe error: 109: file z:/task_1565706750/build/src/ipc/chromium/src/chrome/common/ipc_channel_win.cc, line 341
[Child 158
###!!! [Child][RunMessage] Error: Channel closing: too late to send/recv, messages will be lost

[GPU 156540, Chrome_ChildThread] WARNI
###!!! [Child][MessageChannel::SendAndWait] Error: Channel error: cannot send/recv

1566458797409	mozrunner::runner	INFO	Running command: "C:\\Program Files\\Mozilla Firefox\\firefox.exe" "-marionette" "-foreground" "-no-remote" "-profile" "C:\\Users\\10415\\AppData\\Local\\Temp\\rust_mozprofile.uFpgqk1AUUV4"
1566458800979	Marionette	INFO	Listening on port 8632
1566458801115	addons.xpi	WARN	Failed to parse recommendation: TypeError: NetworkError when attempting to fetch resource.(resource://gre/modules/addons/XPIProvider.jsm:200:15) JS Stack trace: awaitPromise@XPIProvider.jsm:200:15
syncLoadManifest@XPIInstall.jsm:685:22
updateMetadata@XPIDatabase.jsm:2537:32
updateExistingAddon@XPIDatabase.jsm:2713:23
processFileChanges@XPIDatabase.jsm:2789:31
getNewSideloads@XPIProvider.jsm:2762:28
1566458801187	addons.xpi	WARN	Failed to parse recommendation: TypeError: NetworkError when attempting to fetch resource.(resource://gre/modules/addons/XPIProvider.jsm:200:15) JS Stack trace: awaitPromise@XPIProvider.jsm:200:15
syncLoadManifest@XPIInstall.jsm:685:22
updateMetadata@XPIDatabase.jsm:2537:32
updateExistingAddon@XPIDatabase.jsm:2713:23
processFileChanges@XPIDatabase.jsm:2789:31
getNewSideloads@XPIProvider.jsm:2762:28
1566458801218	addons.xpi	WARN	Failed to parse recommendation: TypeError: NetworkError when attempting to fetch resource.(resource://gre/modules/addons/XPIProvider.jsm:200:15) JS Stack trace: awaitPromise@XPIProvider.jsm:200:15
syncLoadManifest@XPIInstall.jsm:685:22
updateMetadata@XPIDatabase.jsm:2537:32
updateExistingAddon@XPIDatabase.jsm:2713:23
processFileChanges@XPIDatabase.jsm:2789:31
getNewSideloads@XPIProvider.jsm:2762:28
1566458801253	Marionette	WARN	TLS certificate errors will be ignored for this session
1566458801273	addons.xpi	WARN	Failed to parse recommendation: TypeError: NetworkError when attempting to fetch resource.(resource://gre/modules/addons/XPIProvider.jsm:200:15) JS Stack trace: awaitPromise@XPIProvider.jsm:200:15
syncLoadManifest@XPIInstall.jsm:685:22
updateMetadata@XPIDatabase.jsm:2537:32
updateExistingAddon@XPIDatabase.jsm:2713:23
processFileChanges@XPIDatabase.jsm:2789:31
getNewSideloads@XPIProvider.jsm:2762:28
1566458801308	addons.xpi	WARN	Failed to parse recommendation: TypeError: NetworkError when attempting to fetch resource.(resource://gre/modules/addons/XPIProvider.jsm:200:15) JS Stack trace: awaitPromise@XPIProvider.jsm:200:15
syncLoadManifest@XPIInstall.jsm:685:22
updateMetadata@XPIDatabase.jsm:2537:32
updateExistingAddon@XPIDatabase.jsm:2713:23
processFileChanges@XPIDatabase.jsm:2789:31
getNewSideloads@XPIProvider.jsm:2762:28
1566458801363	addons.xpi	WARN	Failed to parse recommendation: TypeError: NetworkError when attempting to fetch resource.(resource://gre/modules/addons/XPIProvider.jsm:200:15) JS Stack trace: awaitPromise@XPIProvider.jsm:200:15
syncLoadManifest@XPIInstall.jsm:685:22
updateMetadata@XPIDatabase.jsm:2537:32
updateExistingAddon@XPIDatabase.jsm:2713:23
processFileChanges@XPIDatabase.jsm:2789:31
getNewSideloads@XPIProvider.jsm:2762:28
JavaScript error: resource://cpmanager-legacy/CNSafeBrowsingRegister.jsm, line 88: TypeError: Services is undefined
WebGL(00000135C35D8000)::ForceLoseContext
WebGL(00000135C5C35000)::ForceLoseContext
JavaScript error: resource://cpmanager-legacy/ceTracking-old.jsm, line 264: TypeError: ADUIndex is undefined
WebGL(00000135C5C1D800)::ForceLoseContext
WebGL(00000135C80B1800)::ForceLoseContext
1566458808320	Marionette	INFO	Stopped listening on port 8632
[Parent 159672, Gecko_IOThread] WARNING: pipe error: 109: file z:/task_1565706750/build/src/ipc/chromium/src/chrome/common/ipc_channel_win.cc, line 341
[Child 158240, Chrome_ChildThread] WARNING: pipe error: 109: file z:/task_1565706750/build/src/ipc/chromium/src/chrome/common/ipc_channel_win.cc, line 341
[Child 158240, Chrome_ChildThread] WARN[Parent 159672, Gecko_IOThread] WARNING: pipe error: 109: file z:/task_1565706750/build/src/ipc/chromium/src/chrome/common/ipc_channel_win.cc, line 341

###!!! [Parent][MessageChannel] Error: (msgtype=0x1E00A0,name=PBrowser::Msg_UpdateNativeWindowHandle) Closed channel: cannot send/recv


###!!! [Parent][MessageChannel] Error: (msgtype=0x1E008F,name=PBrowser::Msg_Destroy) Closed channel: cannot send/recv


###!!! [Child][MessageChannel] Error: (msgtype=0x530005,name=PHttpChannel::Msg_Cancel) Closed channel: cannot send/recv

[Child 157508, Chr
###!!! [Child][MessageChannel] Error: (msgtype=0x530024,name=PHttpChannel::Msg_SetPriority) Closed channel: cannot send/recv

ome_ChildThread] WARNING: pipe error: 109: file z:/task_1565706750/build/src/ipc/chromium/src/chrome/common/ipc_channel_win.cc, line 341

###!!! [Child][MessageChannel] Error: (msgtype=0x35011D,name=PContent::Msg_DetachBrowsingContext) Closed channel: cannot send/recv

[Parent 159672, Gecko_IOThread] WARNING: pipe error: 109: file z:/task_1565706750/build/src/ipc/chromium/src/chrome/common/ipc_channel_win.cc, line 341
[Child 158100, Chrome_ChildThread] WARNING: pipe error: 109: file z:/task_1565706750/build/src/ipc/chromium/src/chrome/common/ipc_channel_win.cc, line 341
[Child 158100, Chrome_ChildTh
###!!! [Child][RunMessage] Error: Channel closing: too late to send/recv, messages will be lost

[GPU 151
###!!! [Child][MessageChannel::SendAndWait] Error: Channel error: cannot send/recv

1566458840728	mozrunner::runner	INFO	Running command: "C:\\Program Files\\Mozilla Firefox\\firefox.exe" "-marionette" "-foreground" "-no-remote" "-profile" "C:\\Users\\10415\\AppData\\Local\\Temp\\rust_mozprofile.P3o561zH9caG"
1566458844199	Marionette	INFO	Listening on port 8709
1566458844368	addons.xpi	WARN	Failed to parse recommendation: TypeError: NetworkError when attempting to fetch resource.(resource://gre/modules/addons/XPIProvider.jsm:200:15) JS Stack trace: awaitPromise@XPIProvider.jsm:200:15
syncLoadManifest@XPIInstall.jsm:685:22
updateMetadata@XPIDatabase.jsm:2537:32
updateExistingAddon@XPIDatabase.jsm:2713:23
processFileChanges@XPIDatabase.jsm:2789:31
getNewSideloads@XPIProvider.jsm:2762:28
1566458844428	addons.xpi	WARN	Failed to parse recommendation: TypeError: NetworkError when attempting to fetch resource.(resource://gre/modules/addons/XPIProvider.jsm:200:15) JS Stack trace: awaitPromise@XPIProvider.jsm:200:15
syncLoadManifest@XPIInstall.jsm:685:22
updateMetadata@XPIDatabase.jsm:2537:32
updateExistingAddon@XPIDatabase.jsm:2713:23
processFileChanges@XPIDatabase.jsm:2789:31
getNewSideloads@XPIProvider.jsm:2762:28
1566458844465	addons.xpi	WARN	Failed to parse recommendation: TypeError: NetworkError when attempting to fetch resource.(resource://gre/modules/addons/XPIProvider.jsm:200:15) JS Stack trace: awaitPromise@XPIProvider.jsm:200:15
syncLoadManifest@XPIInstall.jsm:685:22
updateMetadata@XPIDatabase.jsm:2537:32
updateExistingAddon@XPIDatabase.jsm:2713:23
processFileChanges@XPIDatabase.jsm:2789:31
getNewSideloads@XPIProvider.jsm:2762:28
1566458844511	addons.xpi	WARN	Failed to parse recommendation: TypeError: NetworkError when attempting to fetch resource.(resource://gre/modules/addons/XPIProvider.jsm:200:15) JS Stack trace: awaitPromise@XPIProvider.jsm:200:15
syncLoadManifest@XPIInstall.jsm:685:22
updateMetadata@XPIDatabase.jsm:2537:32
updateExistingAddon@XPIDatabase.jsm:2713:23
processFileChanges@XPIDatabase.jsm:2789:31
getNewSideloads@XPIProvider.jsm:2762:28
1566458844547	addons.xpi	WARN	Failed to parse recommendation: TypeError: NetworkError when attempting to fetch resource.(resource://gre/modules/addons/XPIProvider.jsm:200:15) JS Stack trace: awaitPromise@XPIProvider.jsm:200:15
syncLoadManifest@XPIInstall.jsm:685:22
updateMetadata@XPIDatabase.jsm:2537:32
updateExistingAddon@XPIDatabase.jsm:2713:23
processFileChanges@XPIDatabase.jsm:2789:31
getNewSideloads@XPIProvider.jsm:2762:28
1566458844582	Marionette	WARN	TLS certificate errors will be ignored for this session
1566458844602	addons.xpi	WARN	Failed to parse recommendation: TypeError: NetworkError when attempting to fetch resource.(resource://gre/modules/addons/XPIProvider.jsm:200:15) JS Stack trace: awaitPromise@XPIProvider.jsm:200:15
syncLoadManifest@XPIInstall.jsm:685:22
updateMetadata@XPIDatabase.jsm:2537:32
updateExistingAddon@XPIDatabase.jsm:2713:23
processFileChanges@XPIDatabase.jsm:2789:31
getNewSideloads@XPIProvider.jsm:2762:28
JavaScript error: resource://cpmanager-legacy/CNSafeBrowsingRegister.jsm, line 88: TypeError: Services is undefined
JavaScript error: resource://cpmanager-legacy/ceTracking-old.jsm, line 264: TypeError: ADUIndex is undefined
WebGL(00000281D822E000)::ForceLoseContext
WebGL(00000281D823A800)::ForceLoseContext
WebGL(00000281D582A800)::ForceLoseContext
WebGL(00000281D8236000)::ForceLoseContext
1566458852730	Marionette	INFO	Stopped listening on port 8709
[Parent 153428, Gecko_IOThread] WARNING: pipe error: 109: file z:/task_1565706750/build/src/ipc/chromium/src/chrome/common/ipc_channel_win.cc, line 341

###!!! [Child][MessageChannel] Error: (msgtype=0x530005,name=PHttpChannel::Msg_Cancel) Closed channel: cannot send/recv

[Child 158544,[Child 158608, Chrome_Ch
###!!! [Parent][MessageChannel] Error: (msgtype=0x1E00A0,name=PBrowser::Msg_UpdateNativeWindowHandle) Closed channel: cannot send/recv

ildThrea
###!!! [Parent][MessageChannel] Error: (msgtype=0x1E008F,name=PBrowser::Msg_Destroy) Closed channel: cannot send/recv

d] WARNING: pipe error: 109: file z:/task_1565706750/build/src/ipc/chromium/src/chrome/common/ipc_channel_win.cc, line 341
[Child 158608, Chrome_ChildThread] WARNING: pipe error: 109: file z:/task_1565706750/build/src/ipc/chromium/src/chrome/common/ipc_channel_win.cc, line 341

###!!! [Child][MessageChannel] Error: (msgtype=0x35011D,name=PContent::Msg_DetachBrowsingContext) Closed channel: cannot send/recv

[GP
###!!! [Child][RunMessage] Error: Channel closing: too late to send/recv, messages will be lost

U 158
###!!! [Child][MessageChannel::SendAndWait] Error: Channel error: cannot send/recv

1566458892055	mozrunner::runner	INFO	Running command: "C:\\Program Files\\Mozilla Firefox\\firefox.exe" "-marionette" "-foreground" "-no-remote" "-profile" "C:\\Users\\10415\\AppData\\Local\\Temp\\rust_mozprofile.RgxK7tFFQ4iz"
1566458895747	Marionette	INFO	Listening on port 8793
1566458895916	addons.xpi	WARN	Failed to parse recommendation: TypeError: NetworkError when attempting to fetch resource.(resource://gre/modules/addons/XPIProvider.jsm:200:15) JS Stack trace: awaitPromise@XPIProvider.jsm:200:15
syncLoadManifest@XPIInstall.jsm:685:22
updateMetadata@XPIDatabase.jsm:2537:32
updateExistingAddon@XPIDatabase.jsm:2713:23
processFileChanges@XPIDatabase.jsm:2789:31
getNewSideloads@XPIProvider.jsm:2762:28
1566458895931	Marionette	WARN	TLS certificate errors will be ignored for this session
1566458896031	addons.xpi	WARN	Failed to parse recommendation: TypeError: NetworkError when attempting to fetch resource.(resource://gre/modules/addons/XPIProvider.jsm:200:15) JS Stack trace: awaitPromise@XPIProvider.jsm:200:15
syncLoadManifest@XPIInstall.jsm:685:22
updateMetadata@XPIDatabase.jsm:2537:32
updateExistingAddon@XPIDatabase.jsm:2713:23
processFileChanges@XPIDatabase.jsm:2789:31
getNewSideloads@XPIProvider.jsm:2762:28
1566458896122	addons.xpi	WARN	Failed to parse recommendation: TypeError: NetworkError when attempting to fetch resource.(resource://gre/modules/addons/XPIProvider.jsm:200:15) JS Stack trace: awaitPromise@XPIProvider.jsm:200:15
syncLoadManifest@XPIInstall.jsm:685:22
updateMetadata@XPIDatabase.jsm:2537:32
updateExistingAddon@XPIDatabase.jsm:2713:23
processFileChanges@XPIDatabase.jsm:2789:31
getNewSideloads@XPIProvider.jsm:2762:28
1566458896241	addons.xpi	WARN	Failed to parse recommendation: TypeError: NetworkError when attempting to fetch resource.(resource://gre/modules/addons/XPIProvider.jsm:200:15) JS Stack trace: awaitPromise@XPIProvider.jsm:200:15
syncLoadManifest@XPIInstall.jsm:685:22
updateMetadata@XPIDatabase.jsm:2537:32
updateExistingAddon@XPIDatabase.jsm:2713:23
processFileChanges@XPIDatabase.jsm:2789:31
getNewSideloads@XPIProvider.jsm:2762:28
1566458896336	addons.xpi	WARN	Failed to parse recommendation: TypeError: NetworkError when attempting to fetch resource.(resource://gre/modules/addons/XPIProvider.jsm:200:15) JS Stack trace: awaitPromise@XPIProvider.jsm:200:15
syncLoadManifest@XPIInstall.jsm:685:22
updateMetadata@XPIDatabase.jsm:2537:32
updateExistingAddon@XPIDatabase.jsm:2713:23
processFileChanges@XPIDatabase.jsm:2789:31
getNewSideloads@XPIProvider.jsm:2762:28
1566458896378	addons.xpi	WARN	Failed to parse recommendation: TypeError: NetworkError when attempting to fetch resource.(resource://gre/modules/addons/XPIProvider.jsm:200:15) JS Stack trace: awaitPromise@XPIProvider.jsm:200:15
syncLoadManifest@XPIInstall.jsm:685:22
updateMetadata@XPIDatabase.jsm:2537:32
updateExistingAddon@XPIDatabase.jsm:2713:23
processFileChanges@XPIDatabase.jsm:2789:31
getNewSideloads@XPIProvider.jsm:2762:28
JavaScript error: resource://cpmanager-legacy/CNSafeBrowsingRegister.jsm, line 88: TypeError: Services is undefined
JavaScript error: resource://cpmanager-legacy/ceTracking-old.jsm, line 264: TypeError: ADUIndex is undefined
WebGL(0000020DE083D000)::ForceLoseContext
WebGL(0000020DE0851000)::ForceLoseContext
WebGL(0000020DDDC26800)::ForceLoseContext
WebGL(0000020DE083C000)::ForceLoseContext
1566458942632	Marionette	INFO	Stopped listening on port 8793
[Child 158136, Chrome_ChildThread] WARNING: pipe error: 109: file z:/task_1565706750/build/src/ipc/chromium/src/chrome/common/ipc_channel_win.cc, line 341
[Child 158136, Chr[Parent 158892, Gecko_IOThread] WARNING: pipe error: 109: file z:/task_1565706750/build/src/ipc/chromium/src/chrome/common/ipc_channel_win.cc, line 341
[Child 158132, Chrome_ChildThread] WARNING: pipe error: 109: file z:/task_1565706750/build/src/ipc/chromium/src/chrome/common/ipc_channel_win.cc, line 341
[Child 158132, Chrome_ChildThread] WARNING: pipe error: 109: file z:/task_1565706750/build/src/ipc/chromium/src/chrome/co[Parent 158892, Gecko_IOThread] WARNING: pipe error: 109: file z:/task_1565706750/build/src/ipc/chromium/src/chrome/common/ipc_channel_win.cc, line 341
[Child 1
###!!! [Parent][MessageChannel] Error: (msgtype=0x1E00A0,name=PBrowser::Msg_UpdateNativeWindowHandle) Closed channel: cannot send/recv

58
###!!! [Parent][MessageChannel] Error: (msgtype=0x1E008F,name=PBrowser::Msg_Destroy) Closed channel: cannot send/recv

852, Chrome_ChildThread] WARNING: pipe error: 109: file z:/task_1565706750/build/src/ipc/chromium/src/chrome/common/ipc_channel_win.cc, line 341
[Child 158852, Chrome_ChildThread] WARNING: pipe error: 109: file z:/task_1565706750/build/src/ipc/chromium/src/chrome/common/ipc_channel_win.cc, line 341

###!!! [Child][MessageChannel] Error: (msgtype=0x35011D,name=PContent::Msg_DetachBrowsingContext) Closed channel: cannot send/recv

[GPU 159720, Chrome_Chil
###!!! [Child][RunMessage] Error: Channel closing: too late to send/recv, messages will be lost

dThread] WARNING: pipe error: 109: file z:/task_1565706750/build/src/ipc/chromium/src/chrome/common/ipc_channel_win.cc, line 341

###!!! [Child][MessageChannel::SendAndWait] Error: Channel error: cannot send/recv

1566459128021	mozrunner::runner	INFO	Running command: "C:\\Program Files\\Mozilla Firefox\\firefox.exe" "-marionette" "-foreground" "-no-remote" "-profile" "C:\\Users\\10415\\AppData\\Local\\Temp\\rust_mozprofile.EWsMYm4eD0yg"
1566459131571	Marionette	INFO	Listening on port 9009
1566459131731	addons.xpi	WARN	Failed to parse recommendation: TypeError: NetworkError when attempting to fetch resource.(resource://gre/modules/addons/XPIProvider.jsm:200:15) JS Stack trace: awaitPromise@XPIProvider.jsm:200:15
syncLoadManifest@XPIInstall.jsm:685:22
updateMetadata@XPIDatabase.jsm:2537:32
updateExistingAddon@XPIDatabase.jsm:2713:23
processFileChanges@XPIDatabase.jsm:2789:31
getNewSideloads@XPIProvider.jsm:2762:28
1566459131818	addons.xpi	WARN	Failed to parse recommendation: TypeError: NetworkError when attempting to fetch resource.(resource://gre/modules/addons/XPIProvider.jsm:200:15) JS Stack trace: awaitPromise@XPIProvider.jsm:200:15
syncLoadManifest@XPIInstall.jsm:685:22
updateMetadata@XPIDatabase.jsm:2537:32
updateExistingAddon@XPIDatabase.jsm:2713:23
processFileChanges@XPIDatabase.jsm:2789:31
getNewSideloads@XPIProvider.jsm:2762:28
1566459131852	addons.xpi	WARN	Failed to parse recommendation: TypeError: NetworkError when attempting to fetch resource.(resource://gre/modules/addons/XPIProvider.jsm:200:15) JS Stack trace: awaitPromise@XPIProvider.jsm:200:15
syncLoadManifest@XPIInstall.jsm:685:22
updateMetadata@XPIDatabase.jsm:2537:32
updateExistingAddon@XPIDatabase.jsm:2713:23
processFileChanges@XPIDatabase.jsm:2789:31
getNewSideloads@XPIProvider.jsm:2762:28
1566459131860	Marionette	WARN	TLS certificate errors will be ignored for this session
1566459131919	addons.xpi	WARN	Failed to parse recommendation: TypeError: NetworkError when attempting to fetch resource.(resource://gre/modules/addons/XPIProvider.jsm:200:15) JS Stack trace: awaitPromise@XPIProvider.jsm:200:15
syncLoadManifest@XPIInstall.jsm:685:22
updateMetadata@XPIDatabase.jsm:2537:32
updateExistingAddon@XPIDatabase.jsm:2713:23
processFileChanges@XPIDatabase.jsm:2789:31
getNewSideloads@XPIProvider.jsm:2762:28
1566459131967	addons.xpi	WARN	Failed to parse recommendation: TypeError: NetworkError when attempting to fetch resource.(resource://gre/modules/addons/XPIProvider.jsm:200:15) JS Stack trace: awaitPromise@XPIProvider.jsm:200:15
syncLoadManifest@XPIInstall.jsm:685:22
updateMetadata@XPIDatabase.jsm:2537:32
updateExistingAddon@XPIDatabase.jsm:2713:23
processFileChanges@XPIDatabase.jsm:2789:31
getNewSideloads@XPIProvider.jsm:2762:28
1566459132017	addons.xpi	WARN	Failed to parse recommendation: TypeError: NetworkError when attempting to fetch resource.(resource://gre/modules/addons/XPIProvider.jsm:200:15) JS Stack trace: awaitPromise@XPIProvider.jsm:200:15
syncLoadManifest@XPIInstall.jsm:685:22
updateMetadata@XPIDatabase.jsm:2537:32
updateExistingAddon@XPIDatabase.jsm:2713:23
processFileChanges@XPIDatabase.jsm:2789:31
getNewSideloads@XPIProvider.jsm:2762:28
JavaScript error: resource://cpmanager-legacy/CNSafeBrowsingRegister.jsm, line 88: TypeError: Services is undefined
WebGL(00000256B88A8000)::ForceLoseContext
WebGL(00000256BB286000)::ForceLoseContext
WebGL(00000256BE617000)::ForceLoseContext
WebGL(00000256BE78C800)::ForceLoseContext
JavaScript error: resource://cpmanager-legacy/ceTracking-old.jsm, line 264: TypeError: ADUIndex is undefined
WebGL(00000256BE7A4800)::ForceLoseContext
1566459138351	Marionette	WARN	TimedPromise timed out after 0 ms: stacktrace:
bail@chrome://marionette/content/sync.js:223:64
1566459138666	Marionette	WARN	TimedPromise timed out after 0 ms: stacktrace:
bail@chrome://marionette/content/sync.js:223:64
1566459138699	Marionette	WARN	TimedPromise timed out after 0 ms: stacktrace:
bail@chrome://marionette/content/sync.js:223:64
WebGL(00000256B8632800)::ForceLoseContext
1566459139276	Marionette	WARN	TimedPromise timed out after 0 ms: stacktrace:
bail@chrome://marionette/content/sync.js:223:64
1566459139788	Marionette	WARN	TimedPromise timed out after 0 ms: stacktrace:
bail@chrome://marionette/content/sync.js:223:64
1566459140163	Marionette	WARN	TimedPromise timed out after 0 ms: stacktrace:
bail@chrome://marionette/content/sync.js:223:64
WebGL(00000256B88A8000)::ForceLoseContext
WebGL(00000256A8A67800)::ForceLoseContext
WebGL(00000256BE796800)::ForceLoseContext
WebGL(00000256BE61E000)::ForceLoseContext
WebGL(00000256B8633800)::ForceLoseContext
WebGL(00000256CF390800)::ForceLoseContext
1566459145402	Marionette	INFO	Stopped listening on port 9009
[Parent 159512, Gecko_IOThread] WARNING: pipe error: 109: file z:/task_1565706750/build/src/ipc/chromium/src/chrome/common/ipc_channel_win.cc, line 341
[Child 158836, Chrome_ChildThread] WARNING: pipe error: 109: file z:/task_1565706750/build/src/ipc/chromium/src/chrome/common/ipc_channel_win.cc, line 341
[Child 15883[Parent 159512, Gecko_IOThread] WARNING: pipe error: 109: file z:/task_1565706750/build/src/ipc/chromium/src/chrome/common/ipc_channel_win.cc, line 341
[Child 155400, Chrome_ChildThread] WARNING: pipe error: 109: file z:/task_1565706750/build/src/ipc/chromium/src/chrome/common/ipc_channel_win.cc, line 341

###!!! [Child][MessageChannel] Error: (msgtype=0x530005,name=PHttpChannel::Msg_Cancel) Closed channel: cannot send/recv

[Child 155400
###!!! [Child][MessageChannel] Error: (msgtype=0x530005,name=PHttpChannel::Msg_Cancel) Closed channel: cannot send/recv

, Chrome_ChildThread] WARNI[Parent 159512, Gecko_IOThread] WARNING: pipe error: 109: file z:/task_1565706750/build/src/ipc/chromium/src/chrome/common/ipc_channel_win.cc, line 341
[Child 155140, Chrome_ChildThread] WARNING: pipe error: 109: file z:/task_1565706750/build/src/ipc/chromium/src/chrome/common/ipc_channel_win.cc, line 341
[Child 1551[Parent 159512, Gecko_IOThread] WARNING: pipe error: 109: file z:/task_1565706750/build/src/ipc/chromium/src/chrome/common/ipc_channel_win.cc, line 341
[
###!!! [Parent][MessageChannel] Error: (msgtype=0x1E00A0,name=PBrowser::Msg_UpdateNativeWindowHandle) Closed channel: cannot send/recv

Child 155924, Chrome_ChildThread]
###!!! [Parent][MessageChannel] Error: (msgtype=0x1E008F,name=PBrowser::Msg_Destroy) Closed channel: cannot send/recv

 WARNING: pipe error: 109: file z:/task_1565706750/build/src/ipc/chromium/src/chrome/common/ipc_channel_win.cc, line 341
[Child 155924, Chrome_ChildThread] WARNING: pipe error: 109: file z:/task_1565706750/build/src/ipc/chromium/src/chrome/common/ipc_channel_win.cc, line 341

###!!! [Child][MessageChannel] Error: (msgtype=0x35011D,name=PContent::Msg_DetachBrowsingContext) Closed channel: cannot send/recv


###!!! [Child][RunMessage] Error: Channel closing: too late to send/recv, messages will be lost

[GPU 15
###!!! [Child][MessageChannel::SendAndWait] Error: Channel error: cannot send/recv

1566459265591	mozrunner::runner	INFO	Running command: "C:\\Program Files\\Mozilla Firefox\\firefox.exe" "-marionette" "-foreground" "-no-remote" "-profile" "C:\\Users\\10415\\AppData\\Local\\Temp\\rust_mozprofile.ViiC2XvQziKn"
1566459269311	Marionette	INFO	Listening on port 9154
1566459269456	Marionette	WARN	TLS certificate errors will be ignored for this session
1566459269505	addons.xpi	WARN	Failed to parse recommendation: TypeError: NetworkError when attempting to fetch resource.(resource://gre/modules/addons/XPIProvider.jsm:200:15) JS Stack trace: awaitPromise@XPIProvider.jsm:200:15
syncLoadManifest@XPIInstall.jsm:685:22
updateMetadata@XPIDatabase.jsm:2537:32
updateExistingAddon@XPIDatabase.jsm:2713:23
processFileChanges@XPIDatabase.jsm:2789:31
getNewSideloads@XPIProvider.jsm:2762:28
1566459269567	addons.xpi	WARN	Failed to parse recommendation: TypeError: NetworkError when attempting to fetch resource.(resource://gre/modules/addons/XPIProvider.jsm:200:15) JS Stack trace: awaitPromise@XPIProvider.jsm:200:15
syncLoadManifest@XPIInstall.jsm:685:22
updateMetadata@XPIDatabase.jsm:2537:32
updateExistingAddon@XPIDatabase.jsm:2713:23
processFileChanges@XPIDatabase.jsm:2789:31
getNewSideloads@XPIProvider.jsm:2762:28
1566459269606	addons.xpi	WARN	Failed to parse recommendation: TypeError: NetworkError when attempting to fetch resource.(resource://gre/modules/addons/XPIProvider.jsm:200:15) JS Stack trace: awaitPromise@XPIProvider.jsm:200:15
syncLoadManifest@XPIInstall.jsm:685:22
updateMetadata@XPIDatabase.jsm:2537:32
updateExistingAddon@XPIDatabase.jsm:2713:23
processFileChanges@XPIDatabase.jsm:2789:31
getNewSideloads@XPIProvider.jsm:2762:28
1566459269699	addons.xpi	WARN	Failed to parse recommendation: TypeError: NetworkError when attempting to fetch resource.(resource://gre/modules/addons/XPIProvider.jsm:200:15) JS Stack trace: awaitPromise@XPIProvider.jsm:200:15
syncLoadManifest@XPIInstall.jsm:685:22
updateMetadata@XPIDatabase.jsm:2537:32
updateExistingAddon@XPIDatabase.jsm:2713:23
processFileChanges@XPIDatabase.jsm:2789:31
getNewSideloads@XPIProvider.jsm:2762:28
1566459269760	Marionette	INFO	Stopped listening on port 9154
1566459269952	addons.xpi	WARN	Failed to parse recommendation: TypeError: NetworkError when attempting to fetch resource.(resource://gre/modules/addons/XPIProvider.jsm:200:15) JS Stack trace: awaitPromise@XPIProvider.jsm:200:15
syncLoadManifest@XPIInstall.jsm:685:22
updateMetadata@XPIDatabase.jsm:2537:32
updateExistingAddon@XPIDatabase.jsm:2713:23
processFileChanges@XPIDatabase.jsm:2789:31
getNewSideloads@XPIProvider.jsm:2762:28
1566459269956	addons.xpi-utils	WARN	Error: XPI database modified after shutdown began(resource://gre/modules/addons/XPIDatabase.jsm:1326:17) JS Stack trace: saveChanges@XPIDatabase.jsm:1326:17
removeAddonMetadata@XPIDatabase.jsm:2036:10
updateAddonMetadata@XPIDatabase.jsm:2017:10
updateMetadata@XPIDatabase.jsm:2564:24
updateExistingAddon@XPIDatabase.jsm:2713:23
processFileChanges@XPIDatabase.jsm:2789:31
getNewSideloads@XPIProvider.jsm:2762:28
1566459269961	addons.xpi-utils	WARN	Error: XPI database modified after shutdown began(resource://gre/modules/addons/XPIDatabase.jsm:1326:17) JS Stack trace: saveChanges@XPIDatabase.jsm:1326:17
addToDatabase@XPIDatabase.jsm:1999:10
updateAddonMetadata@XPIDatabase.jsm:2025:17
updateMetadata@XPIDatabase.jsm:2564:24
updateExistingAddon@XPIDatabase.jsm:2713:23
processFileChanges@XPIDatabase.jsm:2789:31
getNewSideloads@XPIProvider.jsm:2762:28
[Parent 157340, Gecko_IOThread] WARNING: pipe error: 109: file z:/task_1565706750/build/src/ipc/chromium/src/chrome/common/ipc_channel_win.cc, line 341
[Child 160756, Chrome_ChildThread] WARNING: pipe error: 109: file z:/task_1565706750/build/src/ipc/chromium/src/chrome/common/ipc_channel_win.cc, line 341
[Child 160751566459270105	addons.xpi	WARN	Failed to parse recommendation: TypeError: NetworkError when attempting to fetch resource.(resource://gre/modules/addons/XPIProvider.jsm:200:15) JS Stack trace: awaitPromise@XPIProvider.jsm:200:15
syncLoadManifest@XPIInstall.jsm:685:22
updateMetadata@XPIDatabase.jsm:2537:32
updateExistingAddon@XPIDatabase.jsm:2713:23
processFileChanges@XPIDatabase.jsm:2789:31
getNewSideloads@XPIProvider.jsm:2762:28
1566459270110	addons.xpi-utils	WARN	Error: XPI database modified after shutdown began(resource://gre/modules/addons/XPIDatabase.jsm:1326:17) JS Stack trace: saveChanges@XPIDatabase.jsm:1326:17
removeAddonMetadata@XPIDatabase.jsm:2036:10
updateAddonMetadata@XPIDatabase.jsm:2017:10
updateMetadata@XPIDatabase.jsm:2564:24
updateExistingAddon@XPIDatabase.jsm:2713:23
processFileChanges@XPIDatabase.jsm:2789:31
getNewSideloads@XPIProvider.jsm:2762:28
1566459270110	addons.xpi-utils	WARN	Error: XPI database modified after shutdown began(resource://gre/modules/addons/XPIDatabase.jsm:1326:17) JS Stack trace: saveChanges@XPIDatabase.jsm:1326:17
addToDatabase@XPIDatabase.jsm:1999:10
updateAddonMetadata@XPIDatabase.jsm:2025:17
updateMetadata@XPIDatabase.jsm:2564:24
updateExistingAddon@XPIDatabase.jsm:2713:23
processFileChanges@XPIDatabase.jsm:2789:31
getNewSideloads@XPIProvider.jsm:2762:28
1566459270143	addons.xpi-utils	WARN	Error: XPI database modified after shutdown began(resource://gre/modules/addons/XPIDatabase.jsm:1326:17) JS Stack trace: saveChanges@XPIDatabase.jsm:1326:17
removeAddonMetadata@XPIDatabase.jsm:2036:10
updateAddonMetadata@XPIDatabase.jsm:2017:10
updateMetadata@XPIDatabase.jsm:2564:24
updateExistingAddon@XPIDatabase.jsm:2713:23
processFileChanges@XPIDatabase.jsm:2789:31
getNewSideloads@XPIProvider.jsm:2762:28
1566459270144	addons.xpi-utils	WARN	Error: XPI database modified after shutdown began(resource://gre/modules/addons/XPIDatabase.jsm:1326:17) JS Stack trace: saveChanges@XPIDatabase.jsm:1326:17
addToDatabase@XPIDatabase.jsm:1999:10
updateAddonMetadata@XPIDatabase.jsm:2025:17
updateMetadata@XPIDatabase.jsm:2564:24
updateExistingAddon@XPIDatabase.jsm:2713:23
processFileChanges@XPIDatabase.jsm:2789:31
getNewSideloads@XPIProvider.jsm:2762:28
1566459270153	addons.xpi-utils	WARN	Error: XPI database modified after shutdown began(resource://gre/modules/addons/XPIDatabase.jsm:1326:17) JS Stack trace: saveChanges@XPIDatabase.jsm:1326:17
makeAddonVisible@XPIDatabase.jsm:2067:10
applyStartupChange@XPIDatabase.jsm:2981:17
processFileChanges@XPIDatabase.jsm:2856:26
getNewSideloads@XPIProvider.jsm:2762:28
1566459270156	addons.xpi-utils	WARN	Error: XPI database modified after shutdown began(resource://gre/modules/addons/XPIDatabase.jsm:1326:17) JS Stack trace: saveChanges@XPIDatabase.jsm:1326:17
makeAddonVisible@XPIDatabase.jsm:2067:10
applyStartupChange@XPIDatabase.jsm:2981:17
processFileChanges@XPIDatabase.jsm:2856:26
getNewSideloads@XPIProvider.jsm:2762:28
1566459270159	addons.xpi-utils	WARN	Error: XPI database modified after shutdown began(resource://gre/modules/addons/XPIDatabase.jsm:1326:17) JS Stack trace: saveChanges@XPIDatabase.jsm:1326:17
makeAddonVisible@XPIDatabase.jsm:2067:10
applyStartupChange@XPIDatabase.jsm:2981:17
processFileChanges@XPIDatabase.jsm:2856:26
getNewSideloads@XPIProvider.jsm:2762:28
1566459270161	addons.xpi-utils	WARN	Error: XPI database modified after shutdown began(resource://gre/modules/addons/XPIDatabase.jsm:1326:17) JS Stack trace: saveChanges@XPIDatabase.jsm:1326:17
makeAddonVisible@XPIDatabase.jsm:2067:10
applyStartupChange@XPIDatabase.jsm:2981:17
processFileChanges@XPIDatabase.jsm:2856:26
getNewSideloads@XPIProvider.jsm:2762:28
1566459270164	addons.xpi-utils	WARN	Error: XPI database modified after shutdown began(resource://gre/modules/addons/XPIDatabase.jsm:1326:17) JS Stack trace: saveChanges@XPIDatabase.jsm:1326:17
makeAddonVisible@XPIDatabase.jsm:2067:10
applyStartupChange@XPIDatabase.jsm:2981:17
processFileChanges@XPIDatabase.jsm:2856:26
getNewSideloads@XPIProvider.jsm:2762:28
1566459270167	addons.xpi-utils	WARN	Error: XPI database modified after shutdown began(resource://gre/modules/addons/XPIDatabase.jsm:1326:17) JS Stack trace: saveChanges@XPIDatabase.jsm:1326:17
makeAddonVisible@XPIDatabase.jsm:2067:10
applyStartupChange@XPIDatabase.jsm:2981:17
processFileChanges@XPIDatabase.jsm:2856:26
getNewSideloads@XPIProvider.jsm:2762:28
1566459270170	addons.xpi-utils	WARN	Error: XPI database modified after shutdown began(resource://gre/modules/addons/XPIDatabase.jsm:1326:17) JS Stack trace: saveChanges@XPIDatabase.jsm:1326:17
makeAddonVisible@XPIDatabase.jsm:2067:10
applyStartupChange@XPIDatabase.jsm:2981:17
processFileChanges@XPIDatabase.jsm:2856:26
getNewSideloads@XPIProvider.jsm:2762:28
1566459270171	addons.xpi-utils	WARN	Error: XPI database modified after shutdown began(resource://gre/modules/addons/XPIDatabase.jsm:1326:17) JS Stack trace: saveChanges@XPIDatabase.jsm:1326:17
makeAddonVisible@XPIDatabase.jsm:2067:10
applyStartupChange@XPIDatabase.jsm:2981:17
processFileChanges@XPIDatabase.jsm:2856:26
getNewSideloads@XPIProvider.jsm:2762:28
1566459270171	addons.xpi-utils	WARN	Error: XPI database modified after shutdown began(resource://gre/modules/addons/XPIDatabase.jsm:1326:17) JS Stack trace: saveChanges@XPIDatabase.jsm:1326:17
makeAddonVisible@XPIDatabase.jsm:2067:10
applyStartupChange@XPIDatabase.jsm:2981:17
processFileChanges@XPIDatabase.jsm:2856:26
getNewSideloads@XPIProvider.jsm:2762:28
1566459270173	addons.xpi-utils	WARN	Error: XPI database modified after shutdown began(resource://gre/modules/addons/XPIDatabase.jsm:1326:17) JS Stack trace: saveChanges@XPIDatabase.jsm:1326:17
makeAddonVisible@XPIDatabase.jsm:2067:10
applyStartupChange@XPIDatabase.jsm:2981:17
processFileChanges@XPIDatabase.jsm:2856:26
getNewSideloads@XPIProvider.jsm:2762:28
1566459270174	addons.xpi-utils	WARN	Error: XPI database modified after shutdown began(resource://gre/modules/addons/XPIDatabase.jsm:1326:17) JS Stack trace: saveChanges@XPIDatabase.jsm:1326:17
makeAddonVisible@XPIDatabase.jsm:2067:10
applyStartupChange@XPIDatabase.jsm:2981:17
processFileChanges@XPIDatabase.jsm:2856:26
getNewSideloads@XPIProvider.jsm:2762:28
1566459270175	addons.xpi-utils	WARN	Error: XPI database modified after shutdown began(resource://gre/modules/addons/XPIDatabase.jsm:1326:17) JS Stack trace: saveChanges@XPIDatabase.jsm:1326:17
makeAddonVisible@XPIDatabase.jsm:2067:10
applyStartupChange@XPIDatabase.jsm:2981:17
processFileChanges@XPIDatabase.jsm:2856:26
getNewSideloads@XPIProvider.jsm:2762:28
1566459270175	addons.xpi-utils	WARN	Error: XPI database modified after shutdown began(resource://gre/modules/addons/XPIDatabase.jsm:1326:17) JS Stack trace: saveChanges@XPIDatabase.jsm:1326:17
makeAddonVisible@XPIDatabase.jsm:2067:10
applyStartupChange@XPIDatabase.jsm:2981:17
processFileChanges@XPIDatabase.jsm:2856:26
getNewSideloads@XPIProvider.jsm:2762:28
1566459270175	addons.xpi-utils	WARN	Error: XPI database modified after shutdown began(resource://gre/modules/addons/XPIDatabase.jsm:1326:17) JS Stack trace: saveChanges@XPIDatabase.jsm:1326:17
makeAddonVisible@XPIDatabase.jsm:2067:10
applyStartupChange@XPIDatabase.jsm:2981:17
processFileChanges@XPIDatabase.jsm:2856:26
getNewSideloads@XPIProvider.jsm:2762:28
1566459270176	addons.xpi-utils	WARN	Error: XPI database modified after shutdown began(resource://gre/modules/addons/XPIDatabase.jsm:1326:17) JS Stack trace: saveChanges@XPIDatabase.jsm:1326:17
makeAddonVisible@XPIDatabase.jsm:2067:10
applyStartupChange@XPIDatabase.jsm:2981:17
processFileChanges@XPIDatabase.jsm:2856:26
getNewSideloads@XPIProvider.jsm:2762:28
1566459270176	addons.xpi-utils	WARN	Error: XPI database modified after shutdown began(resource://gre/modules/addons/XPIDatabase.jsm:1326:17) JS Stack trace: saveChanges@XPIDatabase.jsm:1326:17
makeAddonVisible@XPIDatabase.jsm:2067:10
applyStartupChange@XPIDatabase.jsm:2981:17
processFileChanges@XPIDatabase.jsm:2856:26
getNewSideloads@XPIProvider.jsm:2762:28
1566459270177	addons.xpi-utils	WARN	Error: XPI database modified after shutdown began(resource://gre/modules/addons/XPIDatabase.jsm:1326:17) JS Stack trace: saveChanges@XPIDatabase.jsm:1326:17
makeAddonVisible@XPIDatabase.jsm:2067:10
applyStartupChange@XPIDatabase.jsm:2981:17
processFileChanges@XPIDatabase.jsm:2856:26
getNewSideloads@XPIProvider.jsm:2762:28
1566459270177	addons.xpi-utils	WARN	Error: XPI database modified after shutdown began(resource://gre/modules/addons/XPIDatabase.jsm:1326:17) JS Stack trace: saveChanges@XPIDatabase.jsm:1326:17
makeAddonVisible@XPIDatabase.jsm:2067:10
applyStartupChange@XPIDatabase.jsm:2981:17
processFileChanges@XPIDatabase.jsm:2856:26
getNewSideloads@XPIProvider.jsm:2762:28
1566459270178	addons.xpi-utils	WARN	Error: XPI database modified after shutdown began(resource://gre/modules/addons/XPIDatabase.jsm:1326:17) JS Stack trace: saveChanges@XPIDatabase.jsm:1326:17
makeAddonVisible@XPIDatabase.jsm:2067:10
applyStartupChange@XPIDatabase.jsm:2981:17
processFileChanges@XPIDatabase.jsm:2856:26
getNewSideloads@XPIProvider.jsm:2762:28
1566459270178	addons.xpi-utils	WARN	Error: XPI database modified after shutdown began(resource://gre/modules/addons/XPIDatabase.jsm:1326:17) JS Stack trace: saveChanges@XPIDatabase.jsm:1326:17
makeAddonVisible@XPIDatabase.jsm:2067:10
applyStartupChange@XPIDatabase.jsm:2981:17
processFileChanges@XPIDatabase.jsm:2856:26
getNewSideloads@XPIProvider.jsm:2762:28
1566459270272	addons.xpi-utils	WARN	Error: XPI database modified after shutdown began(resource://gre/modules/addons/XPIDatabase.jsm:1326:17) JS Stack trace: saveChanges@XPIDatabase.jsm:1326:17
processFileChanges@XPIDatabase.jsm:2888:17
getNewSideloads@XPIProvider.jsm:2762:28
[Child 160540, Chrome_ChildThread] WARNING: pipe error: 109: file z:/task_1565706750/build/src/ipc/chromium/src/chrome/common/ipc_channel_win.cc, line 341
[Child 160540, [Parent 157340, Gecko_IOThread] WARNING: pipe error: 109: file z:/task_1565706750/build/src/ipc/chromium/src/chrome/common/ipc_channel_win.cc, line 341
[Child 160328, Chrome_ChildThread] WARNING: pipe error: 109: file z:/task_1565706750/build/src/ipc/chromium/src/chrome/common/ipc_channel_win.cc, line 341
[Child 16
###!!! [Child][RunMessage] Error: Channel closing: too late to send/recv, messages will be lost

[GPU 158188, Chrome_ChildThread] WARNING:
###!!! [Child][MessageChannel::SendAndWait] Error: Channel error: cannot send/recv

1566459298792	mozrunner::runner	INFO	Running command: "C:\\Program Files\\Mozilla Firefox\\firefox.exe" "-marionette" "-foreground" "-no-remote" "-profile" "C:\\Users\\10415\\AppData\\Local\\Temp\\rust_mozprofile.UfypqY6wuGj6"
1566459303147	Marionette	INFO	Listening on port 9194
1566459303229	Marionette	WARN	TLS certificate errors will be ignored for this session
1566459303396	addons.xpi	WARN	Failed to parse recommendation: TypeError: NetworkError when attempting to fetch resource.(resource://gre/modules/addons/XPIProvider.jsm:200:15) JS Stack trace: awaitPromise@XPIProvider.jsm:200:15
syncLoadManifest@XPIInstall.jsm:685:22
updateMetadata@XPIDatabase.jsm:2537:32
updateExistingAddon@XPIDatabase.jsm:2713:23
processFileChanges@XPIDatabase.jsm:2789:31
getNewSideloads@XPIProvider.jsm:2762:28
1566459303528	addons.xpi	WARN	Failed to parse recommendation: TypeError: NetworkError when attempting to fetch resource.(resource://gre/modules/addons/XPIProvider.jsm:200:15) JS Stack trace: awaitPromise@XPIProvider.jsm:200:15
syncLoadManifest@XPIInstall.jsm:685:22
updateMetadata@XPIDatabase.jsm:2537:32
updateExistingAddon@XPIDatabase.jsm:2713:23
processFileChanges@XPIDatabase.jsm:2789:31
getNewSideloads@XPIProvider.jsm:2762:28
1566459303586	addons.xpi	WARN	Failed to parse recommendation: TypeError: NetworkError when attempting to fetch resource.(resource://gre/modules/addons/XPIProvider.jsm:200:15) JS Stack trace: awaitPromise@XPIProvider.jsm:200:15
syncLoadManifest@XPIInstall.jsm:685:22
updateMetadata@XPIDatabase.jsm:2537:32
updateExistingAddon@XPIDatabase.jsm:2713:23
processFileChanges@XPIDatabase.jsm:2789:31
getNewSideloads@XPIProvider.jsm:2762:28
1566459303624	addons.xpi	WARN	Failed to parse recommendation: TypeError: NetworkError when attempting to fetch resource.(resource://gre/modules/addons/XPIProvider.jsm:200:15) JS Stack trace: awaitPromise@XPIProvider.jsm:200:15
syncLoadManifest@XPIInstall.jsm:685:22
updateMetadata@XPIDatabase.jsm:2537:32
updateExistingAddon@XPIDatabase.jsm:2713:23
processFileChanges@XPIDatabase.jsm:2789:31
getNewSideloads@XPIProvider.jsm:2762:28
1566459303675	addons.xpi	WARN	Failed to parse recommendation: TypeError: NetworkError when attempting to fetch resource.(resource://gre/modules/addons/XPIProvider.jsm:200:15) JS Stack trace: awaitPromise@XPIProvider.jsm:200:15
syncLoadManifest@XPIInstall.jsm:685:22
updateMetadata@XPIDatabase.jsm:2537:32
updateExistingAddon@XPIDatabase.jsm:2713:23
processFileChanges@XPIDatabase.jsm:2789:31
getNewSideloads@XPIProvider.jsm:2762:28
1566459303720	addons.xpi	WARN	Failed to parse recommendation: TypeError: NetworkError when attempting to fetch resource.(resource://gre/modules/addons/XPIProvider.jsm:200:15) JS Stack trace: awaitPromise@XPIProvider.jsm:200:15
syncLoadManifest@XPIInstall.jsm:685:22
updateMetadata@XPIDatabase.jsm:2537:32
updateExistingAddon@XPIDatabase.jsm:2713:23
processFileChanges@XPIDatabase.jsm:2789:31
getNewSideloads@XPIProvider.jsm:2762:28
JavaScript error: resource://cpmanager-legacy/CNSafeBrowsingRegister.jsm, line 88: TypeError: Services is undefined
JavaScript error: resource://cpmanager-legacy/ceTracking-old.jsm, line 264: TypeError: ADUIndex is undefined
1566459324054	Marionette	INFO	Stopped listening on port 9194
[Parent 152920, Gecko_IOThread] WARNING: pipe error: 109: file z:/task_1565706750/build/src/ipc/chromium/src/chrome/common/ipc_channel_win.cc, line 341
[Child 157528, Chrome_ChildThread] WARNING: pipe error: 109: file z:/task_1565706750/build/src/ipc/chromium/src/chrome/common/ipc_channel_win.cc, line 341
[Child 157528, C[Parent 152920, Gecko_IOThread] WARNING: pipe error: 109: file z:/task_1565706750/build/src/ipc/chromium/src/chrome/common/ipc_channel_win.cc, line 341
[Child 158496, Chrome_ChildThread] WARNING: pipe error: 109: file z:/task_1565706750/build/src/ipc/chromium/src/chrome/common/ipc_channel_win.cc, line 341
[Child 15849[Parent 152920, Gecko_IOThread] WARNING: pipe error: 109: file z:/task_1565706750/build/src/ipc/chromium/src/chrome/common/ipc_channel_win.cc, line 341
[Child 159664, Chrome_ChildThread] WARNING: pipe error: 109: file z:/task_1565706750/build/src/ipc/chromium/src/chrome/common/ipc_channel_win.cc, line 341
[Child 159664, Chrome_ChildThread[Parent 152920, Gecko_IOThread] WARNING: pipe error: 109: file z:/task_1565706750/build/src/ipc/chromium/src/chrome/common/ipc_channel_win.cc, line 341
[Child 119952, 
###!!! [Parent][MessageChannel] Error: (msgtype=0x1E00A0,name=PBrowser::Msg_UpdateNativeWindowHandle) Closed channel: cannot send/recv

Chrome_ChildThread]
###!!! [Parent][MessageChannel] Error: (msgtype=0x1E008F,name=PBrowser::Msg_Destroy) Closed channel: cannot send/recv

 WARNING: pipe error: 109: file z:/task_1565706750/build/src/ipc/chromium/src/chrome/common/ipc_channel_win.cc, line 341

###!!! [Child][MessageChannel] Error: (msgtype=0x35011D,name=PContent::Msg_DetachBrowsingContext) Closed channel: cannot send/recv

[GPU 16
###!!! [Child][RunMessage] Error: Channel closing: too late to send/recv, messages will be lost

0
###!!! [Child][MessageChannel::SendAndWait] Error: Channel error: cannot send/recv

1566459346781	mozrunner::runner	INFO	Running command: "C:\\Program Files\\Mozilla Firefox\\firefox.exe" "-marionette" "-foreground" "-no-remote" "-profile" "C:\\Users\\10415\\AppData\\Local\\Temp\\rust_mozprofile.vimsiCMTRjhK"
1566459350568	Marionette	INFO	Listening on port 9231
1566459350616	Marionette	WARN	TLS certificate errors will be ignored for this session
1566459350846	addons.xpi	WARN	Failed to parse recommendation: TypeError: NetworkError when attempting to fetch resource.(resource://gre/modules/addons/XPIProvider.jsm:200:15) JS Stack trace: awaitPromise@XPIProvider.jsm:200:15
syncLoadManifest@XPIInstall.jsm:685:22
updateMetadata@XPIDatabase.jsm:2537:32
updateExistingAddon@XPIDatabase.jsm:2713:23
processFileChanges@XPIDatabase.jsm:2789:31
getNewSideloads@XPIProvider.jsm:2762:28
1566459350999	addons.xpi	WARN	Failed to parse recommendation: TypeError: NetworkError when attempting to fetch resource.(resource://gre/modules/addons/XPIProvider.jsm:200:15) JS Stack trace: awaitPromise@XPIProvider.jsm:200:15
syncLoadManifest@XPIInstall.jsm:685:22
updateMetadata@XPIDatabase.jsm:2537:32
updateExistingAddon@XPIDatabase.jsm:2713:23
processFileChanges@XPIDatabase.jsm:2789:31
getNewSideloads@XPIProvider.jsm:2762:28
1566459351124	Marionette	INFO	Stopped listening on port 9231
1566459351398	addons.xpi	WARN	Failed to parse recommendation: TypeError: NetworkError when attempting to fetch resource.(resource://gre/modules/addons/XPIProvider.jsm:200:15) JS Stack trace: awaitPromise@XPIProvider.jsm:200:15
syncLoadManifest@XPIInstall.jsm:685:22
updateMetadata@XPIDatabase.jsm:2537:32
updateExistingAddon@XPIDatabase.jsm:2713:23
processFileChanges@XPIDatabase.jsm:2789:31
getNewSideloads@XPIProvider.jsm:2762:28
1566459351403	addons.xpi-utils	WARN	Error: XPI database modified after shutdown began(resource://gre/modules/addons/XPIDatabase.jsm:1326:17) JS Stack trace: saveChanges@XPIDatabase.jsm:1326:17
removeAddonMetadata@XPIDatabase.jsm:2036:10
updateAddonMetadata@XPIDatabase.jsm:2017:10
updateMetadata@XPIDatabase.jsm:2564:24
updateExistingAddon@XPIDatabase.jsm:2713:23
processFileChanges@XPIDatabase.jsm:2789:31
getNewSideloads@XPIProvider.jsm:2762:28
1566459351404	addons.xpi-utils	WARN	Error: XPI database modified after shutdown began(resource://gre/modules/addons/XPIDatabase.jsm:1326:17) JS Stack trace: saveChanges@XPIDatabase.jsm:1326:17
addToDatabase@XPIDatabase.jsm:1999:10
updateAddonMetadata@XPIDatabase.jsm:2025:17
updateMetadata@XPIDatabase.jsm:2564:24
updateExistingAddon@XPIDatabase.jsm:2713:23
processFileChanges@XPIDatabase.jsm:2789:31
getNewSideloads@XPIProvider.jsm:2762:28
[Parent 159324, Gecko_IOThread] WARNING: pipe error: 109: file z:/task_1565706750/build/src/ipc/chromium/src/chrome/common/ipc_channel_win.cc, line 341
[Child 160224, Chrome_ChildThread] WARNING: pipe error: 109: file z:/task_1565706750/build/src/ipc/chromium/src/chrome/common/ipc_channel_win.cc, line 341
[Child 16021566459351594	addons.xpi	WARN	Failed to parse recommendation: TypeError: NetworkError when attempting to fetch resource.(resource://gre/modules/addons/XPIProvider.jsm:200:15) JS Stack trace: awaitPromise@XPIProvider.jsm:200:15
syncLoadManifest@XPIInstall.jsm:685:22
updateMetadata@XPIDatabase.jsm:2537:32
updateExistingAddon@XPIDatabase.jsm:2713:23
processFileChanges@XPIDatabase.jsm:2789:31
getNewSideloads@XPIProvider.jsm:2762:28
1566459351598	addons.xpi-utils	WARN	Error: XPI database modified after shutdown began(resource://gre/modules/addons/XPIDatabase.jsm:1326:17) JS Stack trace: saveChanges@XPIDatabase.jsm:1326:17
removeAddonMetadata@XPIDatabase.jsm:2036:10
updateAddonMetadata@XPIDatabase.jsm:2017:10
updateMetadata@XPIDatabase.jsm:2564:24
updateExistingAddon@XPIDatabase.jsm:2713:23
processFileChanges@XPIDatabase.jsm:2789:31
getNewSideloads@XPIProvider.jsm:2762:28
1566459351599	addons.xpi-utils	WARN	Error: XPI database modified after shutdown began(resource://gre/modules/addons/XPIDatabase.jsm:1326:17) JS Stack trace: saveChanges@XPIDatabase.jsm:1326:17
addToDatabase@XPIDatabase.jsm:1999:10
updateAddonMetadata@XPIDatabase.jsm:2025:17
updateMetadata@XPIDatabase.jsm:2564:24
updateExistingAddon@XPIDatabase.jsm:2713:23
processFileChanges@XPIDatabase.jsm:2789:31
getNewSideloads@XPIProvider.jsm:2762:28
1566459351664	addons.xpi	WARN	Failed to parse recommendation: TypeError: NetworkError when attempting to fetch resource.(resource://gre/modules/addons/XPIProvider.jsm:200:15) JS Stack trace: awaitPromise@XPIProvider.jsm:200:15
syncLoadManifest@XPIInstall.jsm:685:22
updateMetadata@XPIDatabase.jsm:2537:32
updateExistingAddon@XPIDatabase.jsm:2713:23
processFileChanges@XPIDatabase.jsm:2789:31
getNewSideloads@XPIProvider.jsm:2762:28
1566459351666	addons.xpi-utils	WARN	Error: XPI database modified after shutdown began(resource://gre/modules/addons/XPIDatabase.jsm:1326:17) JS Stack trace: saveChanges@XPIDatabase.jsm:1326:17
removeAddonMetadata@XPIDatabase.jsm:2036:10
updateAddonMetadata@XPIDatabase.jsm:2017:10
updateMetadata@XPIDatabase.jsm:2564:24
updateExistingAddon@XPIDatabase.jsm:2713:23
processFileChanges@XPIDatabase.jsm:2789:31
getNewSideloads@XPIProvider.jsm:2762:28
1566459351667	addons.xpi-utils	WARN	Error: XPI database modified after shutdown began(resource://gre/modules/addons/XPIDatabase.jsm:1326:17) JS Stack trace: saveChanges@XPIDatabase.jsm:1326:17
addToDatabase@XPIDatabase.jsm:1999:10
updateAddonMetadata@XPIDatabase.jsm:2025:17
updateMetadata@XPIDatabase.jsm:2564:24
updateExistingAddon@XPIDatabase.jsm:2713:23
processFileChanges@XPIDatabase.jsm:2789:31
getNewSideloads@XPIProvider.jsm:2762:28
1566459351714	addons.xpi	WARN	Failed to parse recommendation: TypeError: NetworkError when attempting to fetch resource.(resource://gre/modules/addons/XPIProvider.jsm:200:15) JS Stack trace: awaitPromise@XPIProvider.jsm:200:15
syncLoadManifest@XPIInstall.jsm:685:22
updateMetadata@XPIDatabase.jsm:2537:32
updateExistingAddon@XPIDatabase.jsm:2713:23
processFileChanges@XPIDatabase.jsm:2789:31
getNewSideloads@XPIProvider.jsm:2762:28
1566459351718	addons.xpi-utils	WARN	Error: XPI database modified after shutdown began(resource://gre/modules/addons/XPIDatabase.jsm:1326:17) JS Stack trace: saveChanges@XPIDatabase.jsm:1326:17
removeAddonMetadata@XPIDatabase.jsm:2036:10
updateAddonMetadata@XPIDatabase.jsm:2017:10
updateMetadata@XPIDatabase.jsm:2564:24
updateExistingAddon@XPIDatabase.jsm:2713:23
processFileChanges@XPIDatabase.jsm:2789:31
getNewSideloads@XPIProvider.jsm:2762:28
1566459351719	addons.xpi-utils	WARN	Error: XPI database modified after shutdown began(resource://gre/modules/addons/XPIDatabase.jsm:1326:17) JS Stack trace: saveChanges@XPIDatabase.jsm:1326:17
addToDatabase@XPIDatabase.jsm:1999:10
updateAddonMetadata@XPIDatabase.jsm:2025:17
updateMetadata@XPIDatabase.jsm:2564:24
updateExistingAddon@XPIDatabase.jsm:2713:23
processFileChanges@XPIDatabase.jsm:2789:31
getNewSideloads@XPIProvider.jsm:2762:28
1566459351754	addons.xpi-utils	WARN	Error: XPI database modified after shutdown began(resource://gre/modules/addons/XPIDatabase.jsm:1326:17) JS Stack trace: saveChanges@XPIDatabase.jsm:1326:17
removeAddonMetadata@XPIDatabase.jsm:2036:10
updateAddonMetadata@XPIDatabase.jsm:2017:10
updateMetadata@XPIDatabase.jsm:2564:24
updateExistingAddon@XPIDatabase.jsm:2713:23
processFileChanges@XPIDatabase.jsm:2789:31
getNewSideloads@XPIProvider.jsm:2762:28
1566459351755	addons.xpi-utils	WARN	Error: XPI database modified after shutdown began(resource://gre/modules/addons/XPIDatabase.jsm:1326:17) JS Stack trace: saveChanges@XPIDatabase.jsm:1326:17
addToDatabase@XPIDatabase.jsm:1999:10
updateAddonMetadata@XPIDatabase.jsm:2025:17
updateMetadata@XPIDatabase.jsm:2564:24
updateExistingAddon@XPIDatabase.jsm:2713:23
processFileChanges@XPIDatabase.jsm:2789:31
getNewSideloads@XPIProvider.jsm:2762:28
1566459351766	addons.xpi-utils	WARN	Error: XPI database modified after shutdown began(resource://gre/modules/addons/XPIDatabase.jsm:1326:17) JS Stack trace: saveChanges@XPIDatabase.jsm:1326:17
makeAddonVisible@XPIDatabase.jsm:2067:10
applyStartupChange@XPIDatabase.jsm:2981:17
processFileChanges@XPIDatabase.jsm:2856:26
getNewSideloads@XPIProvider.jsm:2762:28
1566459351770	addons.xpi-utils	WARN	Error: XPI database modified after shutdown began(resource://gre/modules/addons/XPIDatabase.jsm:1326:17) JS Stack trace: saveChanges@XPIDatabase.jsm:1326:17
makeAddonVisible@XPIDatabase.jsm:2067:10
applyStartupChange@XPIDatabase.jsm:2981:17
processFileChanges@XPIDatabase.jsm:2856:26
getNewSideloads@XPIProvider.jsm:2762:28
1566459351774	addons.xpi-utils	WARN	Error: XPI database modified after shutdown began(resource://gre/modules/addons/XPIDatabase.jsm:1326:17) JS Stack trace: saveChanges@XPIDatabase.jsm:1326:17
makeAddonVisible@XPIDatabase.jsm:2067:10
applyStartupChange@XPIDatabase.jsm:2981:17
processFileChanges@XPIDatabase.jsm:2856:26
getNewSideloads@XPIProvider.jsm:2762:28
1566459351778	addons.xpi-utils	WARN	Error: XPI database modified after shutdown began(resource://gre/modules/addons/XPIDatabase.jsm:1326:17) JS Stack trace: saveChanges@XPIDatabase.jsm:1326:17
makeAddonVisible@XPIDatabase.jsm:2067:10
applyStartupChange@XPIDatabase.jsm:2981:17
processFileChanges@XPIDatabase.jsm:2856:26
getNewSideloads@XPIProvider.jsm:2762:28
1566459351781	addons.xpi-utils	WARN	Error: XPI database modified after shutdown began(resource://gre/modules/addons/XPIDatabase.jsm:1326:17) JS Stack trace: saveChanges@XPIDatabase.jsm:1326:17
makeAddonVisible@XPIDatabase.jsm:2067:10
applyStartupChange@XPIDatabase.jsm:2981:17
processFileChanges@XPIDatabase.jsm:2856:26
getNewSideloads@XPIProvider.jsm:2762:28
1566459351785	addons.xpi-utils	WARN	Error: XPI database modified after shutdown began(resource://gre/modules/addons/XPIDatabase.jsm:1326:17) JS Stack trace: saveChanges@XPIDatabase.jsm:1326:17
makeAddonVisible@XPIDatabase.jsm:2067:10
applyStartupChange@XPIDatabase.jsm:2981:17
processFileChanges@XPIDatabase.jsm:2856:26
getNewSideloads@XPIProvider.jsm:2762:28
1566459351788	addons.xpi-utils	WARN	Error: XPI database modified after shutdown began(resource://gre/modules/addons/XPIDatabase.jsm:1326:17) JS Stack trace: saveChanges@XPIDatabase.jsm:1326:17
makeAddonVisible@XPIDatabase.jsm:2067:10
applyStartupChange@XPIDatabase.jsm:2981:17
processFileChanges@XPIDatabase.jsm:2856:26
getNewSideloads@XPIProvider.jsm:2762:28
1566459351789	addons.xpi-utils	WARN	Error: XPI database modified after shutdown began(resource://gre/modules/addons/XPIDatabase.jsm:1326:17) JS Stack trace: saveChanges@XPIDatabase.jsm:1326:17
makeAddonVisible@XPIDatabase.jsm:2067:10
applyStartupChange@XPIDatabase.jsm:2981:17
processFileChanges@XPIDatabase.jsm:2856:26
getNewSideloads@XPIProvider.jsm:2762:28
1566459351790	addons.xpi-utils	WARN	Error: XPI database modified after shutdown began(resource://gre/modules/addons/XPIDatabase.jsm:1326:17) JS Stack trace: saveChanges@XPIDatabase.jsm:1326:17
makeAddonVisible@XPIDatabase.jsm:2067:10
applyStartupChange@XPIDatabase.jsm:2981:17
processFileChanges@XPIDatabase.jsm:2856:26
getNewSideloads@XPIProvider.jsm:2762:28
1566459351793	addons.xpi-utils	WARN	Error: XPI database modified after shutdown began(resource://gre/modules/addons/XPIDatabase.jsm:1326:17) JS Stack trace: saveChanges@XPIDatabase.jsm:1326:17
makeAddonVisible@XPIDatabase.jsm:2067:10
applyStartupChange@XPIDatabase.jsm:2981:17
processFileChanges@XPIDatabase.jsm:2856:26
getNewSideloads@XPIProvider.jsm:2762:28
1566459351794	addons.xpi-utils	WARN	Error: XPI database modified after shutdown began(resource://gre/modules/addons/XPIDatabase.jsm:1326:17) JS Stack trace: saveChanges@XPIDatabase.jsm:1326:17
makeAddonVisible@XPIDatabase.jsm:2067:10
applyStartupChange@XPIDatabase.jsm:2981:17
processFileChanges@XPIDatabase.jsm:2856:26
getNewSideloads@XPIProvider.jsm:2762:28
1566459351795	addons.xpi-utils	WARN	Error: XPI database modified after shutdown began(resource://gre/modules/addons/XPIDatabase.jsm:1326:17) JS Stack trace: saveChanges@XPIDatabase.jsm:1326:17
makeAddonVisible@XPIDatabase.jsm:2067:10
applyStartupChange@XPIDatabase.jsm:2981:17
processFileChanges@XPIDatabase.jsm:2856:26
getNewSideloads@XPIProvider.jsm:2762:28
1566459351795	addons.xpi-utils	WARN	Error: XPI database modified after shutdown began(resource://gre/modules/addons/XPIDatabase.jsm:1326:17) JS Stack trace: saveChanges@XPIDatabase.jsm:1326:17
makeAddonVisible@XPIDatabase.jsm:2067:10
applyStartupChange@XPIDatabase.jsm:2981:17
processFileChanges@XPIDatabase.jsm:2856:26
getNewSideloads@XPIProvider.jsm:2762:28
1566459351796	addons.xpi-utils	WARN	Error: XPI database modified after shutdown began(resource://gre/modules/addons/XPIDatabase.jsm:1326:17) JS Stack trace: saveChanges@XPIDatabase.jsm:1326:17
makeAddonVisible@XPIDatabase.jsm:2067:10
applyStartupChange@XPIDatabase.jsm:2981:17
processFileChanges@XPIDatabase.jsm:2856:26
getNewSideloads@XPIProvider.jsm:2762:28
1566459351796	addons.xpi-utils	WARN	Error: XPI database modified after shutdown began(resource://gre/modules/addons/XPIDatabase.jsm:1326:17) JS Stack trace: saveChanges@XPIDatabase.jsm:1326:17
makeAddonVisible@XPIDatabase.jsm:2067:10
applyStartupChange@XPIDatabase.jsm:2981:17
processFileChanges@XPIDatabase.jsm:2856:26
getNewSideloads@XPIProvider.jsm:2762:28
1566459351797	addons.xpi-utils	WARN	Error: XPI database modified after shutdown began(resource://gre/modules/addons/XPIDatabase.jsm:1326:17) JS Stack trace: saveChanges@XPIDatabase.jsm:1326:17
makeAddonVisible@XPIDatabase.jsm:2067:10
applyStartupChange@XPIDatabase.jsm:2981:17
processFileChanges@XPIDatabase.jsm:2856:26
getNewSideloads@XPIProvider.jsm:2762:28
1566459351798	addons.xpi-utils	WARN	Error: XPI database modified after shutdown began(resource://gre/modules/addons/XPIDatabase.jsm:1326:17) JS Stack trace: saveChanges@XPIDatabase.jsm:1326:17
makeAddonVisible@XPIDatabase.jsm:2067:10
applyStartupChange@XPIDatabase.jsm:2981:17
processFileChanges@XPIDatabase.jsm:2856:26
getNewSideloads@XPIProvider.jsm:2762:28
1566459351798	addons.xpi-utils	WARN	Error: XPI database modified after shutdown began(resource://gre/modules/addons/XPIDatabase.jsm:1326:17) JS Stack trace: saveChanges@XPIDatabase.jsm:1326:17
makeAddonVisible@XPIDatabase.jsm:2067:10
applyStartupChange@XPIDatabase.jsm:2981:17
processFileChanges@XPIDatabase.jsm:2856:26
getNewSideloads@XPIProvider.jsm:2762:28
1566459351799	addons.xpi-utils	WARN	Error: XPI database modified after shutdown began(resource://gre/modules/addons/XPIDatabase.jsm:1326:17) JS Stack trace: saveChanges@XPIDatabase.jsm:1326:17
makeAddonVisible@XPIDatabase.jsm:2067:10
applyStartupChange@XPIDatabase.jsm:2981:17
processFileChanges@XPIDatabase.jsm:2856:26
getNewSideloads@XPIProvider.jsm:2762:28
1566459351800	addons.xpi-utils	WARN	Error: XPI database modified after shutdown began(resource://gre/modules/addons/XPIDatabase.jsm:1326:17) JS Stack trace: saveChanges@XPIDatabase.jsm:1326:17
makeAddonVisible@XPIDatabase.jsm:2067:10
applyStartupChange@XPIDatabase.jsm:2981:17
processFileChanges@XPIDatabase.jsm:2856:26
getNewSideloads@XPIProvider.jsm:2762:28
1566459351930	addons.xpi-utils	WARN	Error: XPI database modified after shutdown began(resource://gre/modules/addons/XPIDatabase.jsm:1326:17) JS Stack trace: saveChanges@XPIDatabase.jsm:1326:17
processFileChanges@XPIDatabase.jsm:2888:17
getNewSideloads@XPIProvider.jsm:2762:28

###!!! [Parent][MessageChannel] Error: (msgtype=0x1E00A0,name=PBrowser::Msg_UpdateNativeWindowHandle) Closed channel: cannot send/recv


###!!! [Parent][MessageChannel] Error: (msgtype=0x1E008F,name=PBrowser::Msg_Destroy) Closed channel: cannot send/recv

[Child 159636, Chrome_ChildThread] WARNING: pipe error: 109: file z:/task_1565706750/build/src/ipc/chromium/src/chrome/common/ipc_channel_win.cc, line 341
[Child 159636, Chrome_ChildThread] WARNING: pipe error: 109: file z:/task_1565706750/build/src/ipc/chromium/src/chrome/common/ipc_channel_win.cc, line 341

###!!! [Child][MessageChannel] Error: (msgtype=0x1E0001,name=PBrowser::Msg_AsyncMessage) Channel closing: too late to send/recv, messages will be lost

JavaScript error: resource://gre/modules/WebProgressChild.jsm, line 101: NS_ERROR_UNEXPECTED: 

###!!! [Child][MessageChannel] Error: (msgtype=0x35011D,name=PContent::Msg_DetachBrowsingContext) Closed channel: cannot send/recv

[Parent 159324, Gecko_IOThread] WARNING: pipe error: 109: file z:/task_1565706750/build/src/ipc/chromium/src/chrome/common/ipc_channel_win.cc, line 341

###!!! [Child][RunMessage] Error: Channel closing: too late to send/recv, messages will be lost


###!!! [Child][MessageChannel::SendAndWait] Error: Channel error: cannot send/recv

1566459483291	mozrunner::runner	INFO	Running command: "C:\\Program Files\\Mozilla Firefox\\firefox.exe" "-marionette" "-foreground" "-no-remote" "-profile" "C:\\Users\\10415\\AppData\\Local\\Temp\\rust_mozprofile.O359gBsiTY4b"
1566459487263	Marionette	INFO	Listening on port 9283
1566459487393	addons.xpi	WARN	Failed to parse recommendation: TypeError: NetworkError when attempting to fetch resource.(resource://gre/modules/addons/XPIProvider.jsm:200:15) JS Stack trace: awaitPromise@XPIProvider.jsm:200:15
syncLoadManifest@XPIInstall.jsm:685:22
updateMetadata@XPIDatabase.jsm:2537:32
updateExistingAddon@XPIDatabase.jsm:2713:23
processFileChanges@XPIDatabase.jsm:2789:31
getNewSideloads@XPIProvider.jsm:2762:28
1566459487466	addons.xpi	WARN	Failed to parse recommendation: TypeError: NetworkError when attempting to fetch resource.(resource://gre/modules/addons/XPIProvider.jsm:200:15) JS Stack trace: awaitPromise@XPIProvider.jsm:200:15
syncLoadManifest@XPIInstall.jsm:685:22
updateMetadata@XPIDatabase.jsm:2537:32
updateExistingAddon@XPIDatabase.jsm:2713:23
processFileChanges@XPIDatabase.jsm:2789:31
getNewSideloads@XPIProvider.jsm:2762:28
1566459487496	addons.xpi	WARN	Failed to parse recommendation: TypeError: NetworkError when attempting to fetch resource.(resource://gre/modules/addons/XPIProvider.jsm:200:15) JS Stack trace: awaitPromise@XPIProvider.jsm:200:15
syncLoadManifest@XPIInstall.jsm:685:22
updateMetadata@XPIDatabase.jsm:2537:32
updateExistingAddon@XPIDatabase.jsm:2713:23
processFileChanges@XPIDatabase.jsm:2789:31
getNewSideloads@XPIProvider.jsm:2762:28
1566459487537	addons.xpi	WARN	Failed to parse recommendation: TypeError: NetworkError when attempting to fetch resource.(resource://gre/modules/addons/XPIProvider.jsm:200:15) JS Stack trace: awaitPromise@XPIProvider.jsm:200:15
syncLoadManifest@XPIInstall.jsm:685:22
updateMetadata@XPIDatabase.jsm:2537:32
updateExistingAddon@XPIDatabase.jsm:2713:23
processFileChanges@XPIDatabase.jsm:2789:31
getNewSideloads@XPIProvider.jsm:2762:28
1566459487570	addons.xpi	WARN	Failed to parse recommendation: TypeError: NetworkError when attempting to fetch resource.(resource://gre/modules/addons/XPIProvider.jsm:200:15) JS Stack trace: awaitPromise@XPIProvider.jsm:200:15
syncLoadManifest@XPIInstall.jsm:685:22
updateMetadata@XPIDatabase.jsm:2537:32
updateExistingAddon@XPIDatabase.jsm:2713:23
processFileChanges@XPIDatabase.jsm:2789:31
getNewSideloads@XPIProvider.jsm:2762:28
1566459487616	addons.xpi	WARN	Failed to parse recommendation: TypeError: NetworkError when attempting to fetch resource.(resource://gre/modules/addons/XPIProvider.jsm:200:15) JS Stack trace: awaitPromise@XPIProvider.jsm:200:15
syncLoadManifest@XPIInstall.jsm:685:22
updateMetadata@XPIDatabase.jsm:2537:32
updateExistingAddon@XPIDatabase.jsm:2713:23
processFileChanges@XPIDatabase.jsm:2789:31
getNewSideloads@XPIProvider.jsm:2762:28
1566459487646	Marionette	WARN	TLS certificate errors will be ignored for this session
1566459488064	Marionette	INFO	Stopped listening on port 9283
[Child 161256, Chrome_ChildThread] WARNING: pipe error: 109: file z:/task_1565706750/build/src/ipc/chromium/src/chrome/common/ipc_channel_win[.cc, line 341C
hild 1609[Child 80, Chrome_ChildThread] WARNING: pipe error: 109: file z:/task_1565706750/build/src/ipc/chromium/src/chrome/common/ipc_channel_win.cc, line 341
[Child JavaScript error: resource://cpmanager-legacy/CNSafeBrowsingRegister.jsm, line 88: TypeError: Services is undefined
[Parent 160640, Gecko_IOThread] WARNING: pipe error: 109: file z:/task_1565706750/build/src/ipc/chromium/src/chrome/common/ipc_channel_win.cc, line 341
[Parent 160640, Gecko_IOThread] WARNING: pipe error: 109: file z:/task_1565706750/build/src/ipc/chromium/src/chrome/common/ipc_channel_win.cc, line 341

###!!! [Parent][MessageChannel] Error: (msgtype=0x1E00A0,name=PBrowser::Msg_UpdateNativeWindowHandle) Closed channel: cannot send/recv


###!!! [Parent][MessageChannel] Error: (msgtype=0x1E008F,name=PBrowser::Msg_Destroy) Closed channel: cannot send/recv


###!!! [Child][MessageChannel] Error: (msgtype=0x35011D,name=PContent::Msg_DetachBrowsingContext) Closed channel: cannot send/recv

[GPU 1
###!!! [Child][RunMessage] Error: Channel closing: too late to send/recv, messages will be lost


###!!! [Child][MessageChannel::SendAndWait] Error: Channel error: cannot send/recv

1566459804158	mozrunner::runner	INFO	Running command: "C:\\Program Files\\Mozilla Firefox\\firefox.exe" "-marionette" "-foreground" "-no-remote" "-profile" "C:\\Users\\10415\\AppData\\Local\\Temp\\rust_mozprofile.noY9AOhdHckb"
1566459807588	Marionette	INFO	Listening on port 9530
1566459807708	addons.xpi	WARN	Failed to parse recommendation: TypeError: NetworkError when attempting to fetch resource.(resource://gre/modules/addons/XPIProvider.jsm:200:15) JS Stack trace: awaitPromise@XPIProvider.jsm:200:15
syncLoadManifest@XPIInstall.jsm:685:22
updateMetadata@XPIDatabase.jsm:2537:32
updateExistingAddon@XPIDatabase.jsm:2713:23
processFileChanges@XPIDatabase.jsm:2789:31
getNewSideloads@XPIProvider.jsm:2762:28
1566459807768	addons.xpi	WARN	Failed to parse recommendation: TypeError: NetworkError when attempting to fetch resource.(resource://gre/modules/addons/XPIProvider.jsm:200:15) JS Stack trace: awaitPromise@XPIProvider.jsm:200:15
syncLoadManifest@XPIInstall.jsm:685:22
updateMetadata@XPIDatabase.jsm:2537:32
updateExistingAddon@XPIDatabase.jsm:2713:23
processFileChanges@XPIDatabase.jsm:2789:31
getNewSideloads@XPIProvider.jsm:2762:28
1566459807795	addons.xpi	WARN	Failed to parse recommendation: TypeError: NetworkError when attempting to fetch resource.(resource://gre/modules/addons/XPIProvider.jsm:200:15) JS Stack trace: awaitPromise@XPIProvider.jsm:200:15
syncLoadManifest@XPIInstall.jsm:685:22
updateMetadata@XPIDatabase.jsm:2537:32
updateExistingAddon@XPIDatabase.jsm:2713:23
processFileChanges@XPIDatabase.jsm:2789:31
getNewSideloads@XPIProvider.jsm:2762:28
1566459807832	addons.xpi	WARN	Failed to parse recommendation: TypeError: NetworkError when attempting to fetch resource.(resource://gre/modules/addons/XPIProvider.jsm:200:15) JS Stack trace: awaitPromise@XPIProvider.jsm:200:15
syncLoadManifest@XPIInstall.jsm:685:22
updateMetadata@XPIDatabase.jsm:2537:32
updateExistingAddon@XPIDatabase.jsm:2713:23
processFileChanges@XPIDatabase.jsm:2789:31
getNewSideloads@XPIProvider.jsm:2762:28
1566459807870	addons.xpi	WARN	Failed to parse recommendation: TypeError: NetworkError when attempting to fetch resource.(resource://gre/modules/addons/XPIProvider.jsm:200:15) JS Stack trace: awaitPromise@XPIProvider.jsm:200:15
syncLoadManifest@XPIInstall.jsm:685:22
updateMetadata@XPIDatabase.jsm:2537:32
updateExistingAddon@XPIDatabase.jsm:2713:23
processFileChanges@XPIDatabase.jsm:2789:31
getNewSideloads@XPIProvider.jsm:2762:28
1566459807928	addons.xpi	WARN	Failed to parse recommendation: TypeError: NetworkError when attempting to fetch resource.(resource://gre/modules/addons/XPIProvider.jsm:200:15) JS Stack trace: awaitPromise@XPIProvider.jsm:200:15
syncLoadManifest@XPIInstall.jsm:685:22
updateMetadata@XPIDatabase.jsm:2537:32
updateExistingAddon@XPIDatabase.jsm:2713:23
processFileChanges@XPIDatabase.jsm:2789:31
getNewSideloads@XPIProvider.jsm:2762:28
1566459808063	Marionette	WARN	TLS certificate errors will be ignored for this session
1566459808311	Marionette	INFO	Stopped listening on port 9530
[Parent 160792, Gecko_IOThread] WARNING: pipe error: 109: file z:/task_1565706750/build/src/ipc/chromium/src/chrome/common/ipc_channel_win.cc, line 341
[Child 160820, Chrome_ChildThread] WARNING: pipe error: 109: file z:/task_1565706750/build/src/ipc/chromium/src/chrome/common/ipc_channel_win.cc, line 341
[Child 160820, Chrome_ChildThread] WARNING: pipe error: 109: file z:/task_1565706750/build/src/ipJavaScript error: resource://cpmanager-legacy/CNSafeBrowsingRegister.jsm, line 88: TypeError: Services is undefined

###!!! [Parent][MessageChannel] Error: (msgtype=0x1E00A0,name=PBrowser::Msg_UpdateNativeWindowHandle) Closed channel: cannot send/recv


###!!! [Parent][MessageChannel] Error: (msgtype=0x1E008F,name=PBrowser::Msg_Destroy) Closed channel: cannot send/recv

[Child 161908, Chrome_ChildThread] WARNING: pipe error: 109: file z:/task_1565706750/build/src/ipc/chromium/src/chrome/common/ipc_channel_win.cc, line 341

###!!! [Child][MessageChannel] Error: (msgtype=0x1E0001,name=PBrowser::Msg_AsyncMessage) Channel closing: too late to send/recv, messages will be lost

JavaScript error: resource://gre/modules/WebProgressChild.jsm, line 101: NS_ERROR_UNEXPECTED: 

###!!! [Child][MessageChannel] Error: (msgtype=0x35011D,name=PContent::Msg_DetachBrowsingContext) Closed channel: cannot send/recv

[Parent 160792, Gecko_IOThread] WARNING: pipe error: 109: file z:/task_1565706750/build/src/ipc/chromium/src/chrome/common/ipc_channel_win.cc, line 341
[Child 159772, Chrome_ChildThread] WARNING: pipe error: 109: file z:/task_1565706750/build/src/ipc/chromium/src/chrome/common/ipc_channel_win.cc, line 341
[Child 159772, Chr[GPU 1510
###!!! [Child][RunMessage] Error: Channel closing: too late to send/recv, messages will be lost


###!!! [Child][MessageChannel::SendAndWait] Error: Channel error: cannot send/recv

1566460329086	mozrunner::runner	INFO	Running command: "C:\\Program Files\\Mozilla Firefox\\firefox.exe" "-marionette" "-foreground" "-no-remote" "-profile" "C:\\Users\\10415\\AppData\\Local\\Temp\\rust_mozprofile.FHtNRCdmigp7"
1566460332989	Marionette	INFO	Listening on port 9798
1566460333114	addons.xpi	WARN	Failed to parse recommendation: TypeError: NetworkError when attempting to fetch resource.(resource://gre/modules/addons/XPIProvider.jsm:200:15) JS Stack trace: awaitPromise@XPIProvider.jsm:200:15
syncLoadManifest@XPIInstall.jsm:685:22
updateMetadata@XPIDatabase.jsm:2537:32
updateExistingAddon@XPIDatabase.jsm:2713:23
processFileChanges@XPIDatabase.jsm:2789:31
getNewSideloads@XPIProvider.jsm:2762:28
1566460333180	addons.xpi	WARN	Failed to parse recommendation: TypeError: NetworkError when attempting to fetch resource.(resource://gre/modules/addons/XPIProvider.jsm:200:15) JS Stack trace: awaitPromise@XPIProvider.jsm:200:15
syncLoadManifest@XPIInstall.jsm:685:22
updateMetadata@XPIDatabase.jsm:2537:32
updateExistingAddon@XPIDatabase.jsm:2713:23
processFileChanges@XPIDatabase.jsm:2789:31
getNewSideloads@XPIProvider.jsm:2762:28
1566460333204	addons.xpi	WARN	Failed to parse recommendation: TypeError: NetworkError when attempting to fetch resource.(resource://gre/modules/addons/XPIProvider.jsm:200:15) JS Stack trace: awaitPromise@XPIProvider.jsm:200:15
syncLoadManifest@XPIInstall.jsm:685:22
updateMetadata@XPIDatabase.jsm:2537:32
updateExistingAddon@XPIDatabase.jsm:2713:23
processFileChanges@XPIDatabase.jsm:2789:31
getNewSideloads@XPIProvider.jsm:2762:28
1566460333237	addons.xpi	WARN	Failed to parse recommendation: TypeError: NetworkError when attempting to fetch resource.(resource://gre/modules/addons/XPIProvider.jsm:200:15) JS Stack trace: awaitPromise@XPIProvider.jsm:200:15
syncLoadManifest@XPIInstall.jsm:685:22
updateMetadata@XPIDatabase.jsm:2537:32
updateExistingAddon@XPIDatabase.jsm:2713:23
processFileChanges@XPIDatabase.jsm:2789:31
getNewSideloads@XPIProvider.jsm:2762:28
1566460333269	addons.xpi	WARN	Failed to parse recommendation: TypeError: NetworkError when attempting to fetch resource.(resource://gre/modules/addons/XPIProvider.jsm:200:15) JS Stack trace: awaitPromise@XPIProvider.jsm:200:15
syncLoadManifest@XPIInstall.jsm:685:22
updateMetadata@XPIDatabase.jsm:2537:32
updateExistingAddon@XPIDatabase.jsm:2713:23
processFileChanges@XPIDatabase.jsm:2789:31
getNewSideloads@XPIProvider.jsm:2762:28
1566460333310	addons.xpi	WARN	Failed to parse recommendation: TypeError: NetworkError when attempting to fetch resource.(resource://gre/modules/addons/XPIProvider.jsm:200:15) JS Stack trace: awaitPromise@XPIProvider.jsm:200:15
syncLoadManifest@XPIInstall.jsm:685:22
updateMetadata@XPIDatabase.jsm:2537:32
updateExistingAddon@XPIDatabase.jsm:2713:23
processFileChanges@XPIDatabase.jsm:2789:31
getNewSideloads@XPIProvider.jsm:2762:28
1566460333443	Marionette	WARN	TLS certificate errors will be ignored for this session
1566460333732	Marionette	INFO	Stopped listening on port 9798
[Parent 161876, Gecko_IOThread] WARNING: pipe error: 109: file z:/task_1565706750/build/src/ipc/chromium/src/chrome/common/ipc_channel_win.cc, line 341
[Child 162104, Chrome_ChildThread] WARNING: pipe error: 109: file z:/task_1565706750/build/src/ipc/chromium/src/chrome/common/ipc_channel_win.cc, line 341
[Child 1621JavaScript error: resource://services-common/rest.js, line 434: NS_ERROR_ABORT: NS_ERROR_ABORT
JavaScript error: resource://cpmanager-legacy/CNSafeBrowsingRegister.jsm, line 88: TypeError: Services is undefined
[Parent 161876, Gecko_IOThread] WARNING: pipe error: 109: file z:/task_1565706750/build/src/ipc/chromium/src/chrome/common/ipc_channel_win.cc, line 341
[Child [Child 154756, Chrome_ChildThread] WARNING: pipe error: 109: file z:/task_1565706750/build/src/ipc/chromium/src/chrome/common/ipc_channel_win.cc, line 341
[Child 154[GPU 159004, C
###!!! [Child][RunMessage] Error: Channel closing: too late to send/recv, messages will be lost


###!!! [Child][MessageChannel::SendAndWait] Error: Channel error: cannot send/recv

